TN:
SF:controllers\applicationController.js
FN:6,(anonymous_0)
FN:26,(anonymous_1)
FN:62,(anonymous_2)
FN:115,(anonymous_3)
FN:155,(anonymous_4)
FNF:5
FNH:0
FNDA:0,(anonymous_0)
FNDA:0,(anonymous_1)
FNDA:0,(anonymous_2)
FNDA:0,(anonymous_3)
FNDA:0,(anonymous_4)
DA:1,0
DA:2,0
DA:3,0
DA:6,0
DA:7,0
DA:8,0
DA:19,0
DA:21,0
DA:26,0
DA:27,0
DA:28,0
DA:30,0
DA:31,0
DA:37,0
DA:38,0
DA:44,0
DA:55,0
DA:57,0
DA:62,0
DA:63,0
DA:64,0
DA:66,0
DA:68,0
DA:69,0
DA:75,0
DA:76,0
DA:82,0
DA:87,0
DA:88,0
DA:94,0
DA:100,0
DA:104,0
DA:110,0
DA:115,0
DA:116,0
DA:117,0
DA:119,0
DA:121,0
DA:122,0
DA:128,0
DA:129,0
DA:135,0
DA:136,0
DA:138,0
DA:139,0
DA:144,0
DA:150,0
DA:155,0
DA:156,0
DA:157,0
DA:159,0
DA:160,0
DA:166,0
DA:167,0
DA:173,0
DA:174,0
DA:180,0
DA:181,0
DA:183,0
DA:187,0
DA:192,0
LF:61
LH:0
BRDA:12,0,0,0
BRDA:12,0,1,0
BRDA:13,1,0,0
BRDA:13,1,1,0
BRDA:14,2,0,0
BRDA:14,2,1,0
BRDA:30,3,0,0
BRDA:30,3,1,0
BRDA:37,4,0,0
BRDA:37,4,1,0
BRDA:48,5,0,0
BRDA:48,5,1,0
BRDA:49,6,0,0
BRDA:49,6,1,0
BRDA:50,7,0,0
BRDA:50,7,1,0
BRDA:68,8,0,0
BRDA:68,8,1,0
BRDA:75,9,0,0
BRDA:75,9,1,0
BRDA:87,10,0,0
BRDA:87,10,1,0
BRDA:121,11,0,0
BRDA:121,11,1,0
BRDA:128,12,0,0
BRDA:128,12,1,0
BRDA:138,13,0,0
BRDA:138,13,1,0
BRDA:159,14,0,0
BRDA:159,14,1,0
BRDA:166,15,0,0
BRDA:166,15,1,0
BRDA:173,16,0,0
BRDA:173,16,1,0
BRF:34
BRH:0
end_of_record
TN:
SF:controllers\authController.backup.js
FN:6,(anonymous_0)
FN:78,(anonymous_1)
FN:151,(anonymous_2)
FN:166,(anonymous_3)
FNF:4
FNH:0
FNDA:0,(anonymous_0)
FNDA:0,(anonymous_1)
FNDA:0,(anonymous_2)
FNDA:0,(anonymous_3)
DA:1,0
DA:2,0
DA:3,0
DA:6,0
DA:7,0
DA:8,0
DA:11,0
DA:12,0
DA:13,0
DA:14,0
DA:22,0
DA:23,0
DA:34,0
DA:35,0
DA:43,0
DA:45,0
DA:46,0
DA:52,0
DA:68,0
DA:73,0
DA:78,0
DA:79,0
DA:80,0
DA:82,0
DA:83,0
DA:90,0
DA:92,0
DA:93,0
DA:94,0
DA:95,0
DA:102,0
DA:104,0
DA:105,0
DA:106,0
DA:107,0
DA:114,0
DA:116,0
DA:117,0
DA:123,0
DA:141,0
DA:146,0
DA:151,0
DA:152,0
DA:154,0
DA:156,0
DA:161,0
DA:166,0
DA:167,0
DA:168,0
DA:171,0
DA:172,0
DA:175,0
DA:182,0
DA:183,0
DA:184,0
DA:187,0
DA:193,0
LF:57
LH:0
BRDA:12,0,0,0
BRDA:12,0,1,0
BRDA:38,1,0,0
BRDA:38,1,1,0
BRDA:82,2,0,0
BRDA:82,2,1,0
BRDA:82,3,0,0
BRDA:82,3,1,0
BRDA:92,4,0,0
BRDA:92,4,1,0
BRDA:104,5,0,0
BRDA:104,5,1,0
BRDA:182,6,0,0
BRDA:182,6,1,0
BRF:14
BRH:0
end_of_record
TN:
SF:controllers\authController.js
FN:6,(anonymous_0)
FN:35,(anonymous_1)
FN:62,(anonymous_2)
FN:82,(anonymous_3)
FNF:4
FNH:0
FNDA:0,(anonymous_0)
FNDA:0,(anonymous_1)
FNDA:0,(anonymous_2)
FNDA:0,(anonymous_3)
DA:1,0
DA:2,0
DA:3,0
DA:6,0
DA:7,0
DA:8,0
DA:10,0
DA:17,0
DA:18,0
DA:25,0
DA:30,0
DA:35,0
DA:36,0
DA:37,0
DA:39,0
DA:46,0
DA:47,0
DA:53,0
DA:57,0
DA:62,0
DA:63,0
DA:64,0
DA:66,0
DA:71,0
DA:72,0
DA:77,0
DA:82,0
DA:83,0
DA:84,0
DA:86,0
DA:92,0
DA:93,0
DA:98,0
LF:33
LH:0
BRDA:17,0,0,0
BRDA:17,0,1,0
BRDA:46,1,0,0
BRDA:46,1,1,0
BRDA:71,2,0,0
BRDA:71,2,1,0
BRDA:92,3,0,0
BRDA:92,3,1,0
BRF:8
BRH:0
end_of_record
TN:
SF:controllers\bookingController.js
FN:17,(anonymous_0)
FN:32,(anonymous_1)
FN:47,(anonymous_2)
FN:91,(anonymous_3)
FN:121,(anonymous_4)
FN:151,(anonymous_5)
FN:175,(anonymous_6)
FN:204,(anonymous_7)
FN:224,(anonymous_8)
FN:243,(anonymous_9)
FN:271,(anonymous_10)
FN:299,(anonymous_11)
FN:324,(anonymous_12)
FN:344,(anonymous_13)
FNF:14
FNH:0
FNDA:0,(anonymous_0)
FNDA:0,(anonymous_1)
FNDA:0,(anonymous_2)
FNDA:0,(anonymous_3)
FNDA:0,(anonymous_4)
FNDA:0,(anonymous_5)
FNDA:0,(anonymous_6)
FNDA:0,(anonymous_7)
FNDA:0,(anonymous_8)
FNDA:0,(anonymous_9)
FNDA:0,(anonymous_10)
FNDA:0,(anonymous_11)
FNDA:0,(anonymous_12)
FNDA:0,(anonymous_13)
DA:8,0
DA:9,0
DA:10,0
DA:17,0
DA:18,0
DA:19,0
DA:21,0
DA:23,0
DA:32,0
DA:33,0
DA:34,0
DA:36,0
DA:38,0
DA:47,0
DA:48,0
DA:56,0
DA:59,0
DA:60,0
DA:61,0
DA:62,0
DA:63,0
DA:64,0
DA:65,0
DA:68,0
DA:73,0
DA:75,0
DA:82,0
DA:91,0
DA:92,0
DA:93,0
DA:95,0
DA:96,0
DA:98,0
DA:103,0
DA:105,0
DA:112,0
DA:121,0
DA:122,0
DA:123,0
DA:125,0
DA:126,0
DA:128,0
DA:133,0
DA:135,0
DA:142,0
DA:151,0
DA:152,0
DA:153,0
DA:155,0
DA:156,0
DA:162,0
DA:164,0
DA:166,0
DA:175,0
DA:176,0
DA:177,0
DA:179,0
DA:180,0
DA:186,0
DA:193,0
DA:195,0
DA:204,0
DA:205,0
DA:206,0
DA:213,0
DA:215,0
DA:224,0
DA:225,0
DA:226,0
DA:232,0
DA:234,0
DA:243,0
DA:244,0
DA:245,0
DA:247,0
DA:248,0
DA:254,0
DA:260,0
DA:262,0
DA:271,0
DA:272,0
DA:273,0
DA:275,0
DA:276,0
DA:282,0
DA:288,0
DA:290,0
DA:299,0
DA:300,0
DA:301,0
DA:303,0
DA:304,0
DA:305,0
DA:306,0
DA:307,0
DA:309,0
DA:311,0
DA:313,0
DA:315,0
DA:324,0
DA:325,0
DA:326,0
DA:333,0
DA:335,0
DA:344,0
DA:345,0
DA:346,0
DA:353,0
DA:355,0
LF:109
LH:0
BRDA:60,0,0,0
BRDA:60,0,1,0
BRDA:61,1,0,0
BRDA:61,1,1,0
BRDA:62,2,0,0
BRDA:62,2,1,0
BRDA:62,3,0,0
BRDA:62,3,1,0
BRDA:64,4,0,0
BRDA:64,4,1,0
BRDA:65,5,0,0
BRDA:65,5,1,0
BRDA:69,6,0,0
BRDA:69,6,1,0
BRDA:70,7,0,0
BRDA:70,7,1,0
BRDA:96,8,0,0
BRDA:96,8,1,0
BRDA:99,9,0,0
BRDA:99,9,1,0
BRDA:100,10,0,0
BRDA:100,10,1,0
BRDA:126,11,0,0
BRDA:126,11,1,0
BRDA:129,12,0,0
BRDA:129,12,1,0
BRDA:130,13,0,0
BRDA:130,13,1,0
BRDA:155,14,0,0
BRDA:155,14,1,0
BRDA:179,15,0,0
BRDA:179,15,1,0
BRDA:247,16,0,0
BRDA:247,16,1,0
BRDA:247,17,0,0
BRDA:247,17,1,0
BRDA:247,17,2,0
BRDA:275,18,0,0
BRDA:275,18,1,0
BRDA:304,19,0,0
BRDA:304,19,1,0
BRDA:304,20,0,0
BRDA:304,20,1,0
BRDA:306,21,0,0
BRDA:306,21,1,0
BRDA:307,22,0,0
BRDA:307,22,1,0
BRDA:309,23,0,0
BRDA:309,23,1,0
BRF:49
BRH:0
end_of_record
TN:
SF:controllers\dutyController.js
FN:5,(anonymous_0)
FN:20,(anonymous_1)
FN:40,(anonymous_2)
FN:61,(anonymous_3)
FN:82,(anonymous_4)
FNF:5
FNH:0
FNDA:0,(anonymous_0)
FNDA:0,(anonymous_1)
FNDA:0,(anonymous_2)
FNDA:0,(anonymous_3)
FNDA:0,(anonymous_4)
DA:1,0
DA:2,0
DA:5,0
DA:6,0
DA:7,0
DA:9,0
DA:15,0
DA:20,0
DA:21,0
DA:22,0
DA:24,0
DA:29,0
DA:30,0
DA:35,0
DA:40,0
DA:41,0
DA:42,0
DA:44,0
DA:50,0
DA:51,0
DA:56,0
DA:61,0
DA:62,0
DA:63,0
DA:65,0
DA:71,0
DA:72,0
DA:77,0
DA:82,0
DA:83,0
DA:84,0
DA:86,0
DA:91,0
DA:92,0
DA:97,0
LF:35
LH:0
BRDA:29,0,0,0
BRDA:29,0,1,0
BRDA:50,1,0,0
BRDA:50,1,1,0
BRDA:71,2,0,0
BRDA:71,2,1,0
BRDA:91,3,0,0
BRDA:91,3,1,0
BRF:8
BRH:0
end_of_record
TN:
SF:controllers\patientController.js
FN:17,(anonymous_0)
FN:32,(anonymous_1)
FN:47,(anonymous_2)
FN:62,(anonymous_3)
FN:77,(anonymous_4)
FN:92,(anonymous_5)
FN:111,(anonymous_6)
FN:129,(anonymous_7)
FN:148,(anonymous_8)
FN:163,(anonymous_9)
FN:178,(anonymous_10)
FNF:11
FNH:0
FNDA:0,(anonymous_0)
FNDA:0,(anonymous_1)
FNDA:0,(anonymous_2)
FNDA:0,(anonymous_3)
FNDA:0,(anonymous_4)
FNDA:0,(anonymous_5)
FNDA:0,(anonymous_6)
FNDA:0,(anonymous_7)
FNDA:0,(anonymous_8)
FNDA:0,(anonymous_9)
FNDA:0,(anonymous_10)
DA:8,0
DA:9,0
DA:10,0
DA:17,0
DA:18,0
DA:19,0
DA:21,0
DA:23,0
DA:32,0
DA:33,0
DA:34,0
DA:36,0
DA:38,0
DA:47,0
DA:48,0
DA:49,0
DA:51,0
DA:53,0
DA:62,0
DA:63,0
DA:64,0
DA:66,0
DA:68,0
DA:77,0
DA:78,0
DA:79,0
DA:81,0
DA:83,0
DA:92,0
DA:93,0
DA:94,0
DA:100,0
DA:102,0
DA:111,0
DA:112,0
DA:113,0
DA:118,0
DA:120,0
DA:129,0
DA:130,0
DA:131,0
DA:137,0
DA:139,0
DA:148,0
DA:149,0
DA:150,0
DA:152,0
DA:154,0
DA:163,0
DA:164,0
DA:165,0
DA:167,0
DA:169,0
DA:178,0
DA:179,0
DA:180,0
DA:182,0
DA:183,0
DA:189,0
DA:191,0
DA:193,0
LF:61
LH:0
BRDA:182,0,0,0
BRDA:182,0,1,0
BRF:2
BRH:0
end_of_record
TN:
SF:controllers\paymentController.js
FN:24,(anonymous_0)
FN:115,(anonymous_1)
FN:209,(anonymous_2)
FN:258,(anonymous_3)
FNF:4
FNH:0
FNDA:0,(anonymous_0)
FNDA:0,(anonymous_1)
FNDA:0,(anonymous_2)
FNDA:0,(anonymous_3)
DA:7,0
DA:8,0
DA:9,0
DA:10,0
DA:11,0
DA:14,0
DA:24,0
DA:25,0
DA:26,0
DA:28,0
DA:29,0
DA:36,0
DA:38,0
DA:39,0
DA:46,0
DA:47,0
DA:54,0
DA:55,0
DA:62,0
DA:73,0
DA:76,0
DA:83,0
DA:85,0
DA:101,0
DA:102,0
DA:115,0
DA:116,0
DA:122,0
DA:124,0
DA:125,0
DA:132,0
DA:134,0
DA:135,0
DA:142,0
DA:143,0
DA:150,0
DA:151,0
DA:156,0
DA:158,0
DA:159,0
DA:160,0
DA:162,0
DA:169,0
DA:170,0
DA:171,0
DA:172,0
DA:175,0
DA:176,0
DA:177,0
DA:184,0
DA:186,0
DA:195,0
DA:196,0
DA:209,0
DA:210,0
DA:211,0
DA:213,0
DA:214,0
DA:221,0
DA:223,0
DA:224,0
DA:231,0
DA:232,0
DA:233,0
DA:234,0
DA:236,0
DA:244,0
DA:245,0
DA:258,0
DA:259,0
DA:260,0
DA:262,0
DA:264,0
DA:265,0
DA:272,0
DA:273,0
DA:279,0
DA:290,0
DA:291,0
LF:79
LH:0
BRDA:15,0,0,0
BRDA:15,0,1,0
BRDA:16,1,0,0
BRDA:16,1,1,0
BRDA:28,2,0,0
BRDA:28,2,1,0
BRDA:38,3,0,0
BRDA:38,3,1,0
BRDA:46,4,0,0
BRDA:46,4,1,0
BRDA:54,5,0,0
BRDA:54,5,1,0
BRDA:97,6,0,0
BRDA:97,6,1,0
BRDA:124,7,0,0
BRDA:124,7,1,0
BRDA:124,8,0,0
BRDA:124,8,1,0
BRDA:124,8,2,0
BRDA:124,8,3,0
BRDA:134,9,0,0
BRDA:134,9,1,0
BRDA:142,10,0,0
BRDA:142,10,1,0
BRDA:152,11,0,0
BRDA:152,11,1,0
BRDA:156,12,0,0
BRDA:156,12,1,0
BRDA:175,13,0,0
BRDA:175,13,1,0
BRDA:213,14,0,0
BRDA:213,14,1,0
BRDA:223,15,0,0
BRDA:223,15,1,0
BRDA:233,16,0,0
BRDA:233,16,1,0
BRDA:264,17,0,0
BRDA:264,17,1,0
BRDA:272,18,0,0
BRDA:272,18,1,0
BRF:40
BRH:0
end_of_record
TN:
SF:middleware\apiVersion.js
FN:36,extractVersion
FN:67,isValidVersion
FN:74,getVersionInfo
FN:81,apiVersionMiddleware
FN:136,redirectToLatestVersion
FN:157,getVersions
FN:158,(anonymous_6)
FNF:7
FNH:0
FNDA:0,extractVersion
FNDA:0,isValidVersion
FNDA:0,getVersionInfo
FNDA:0,apiVersionMiddleware
FNDA:0,redirectToLatestVersion
FNDA:0,getVersions
FNDA:0,(anonymous_6)
DA:6,0
DA:11,0
DA:12,0
DA:13,0
DA:18,0
DA:41,0
DA:42,0
DA:43,0
DA:44,0
DA:45,0
DA:50,0
DA:51,0
DA:52,0
DA:56,0
DA:57,0
DA:61,0
DA:68,0
DA:75,0
DA:83,0
DA:86,0
DA:87,0
DA:97,0
DA:100,0
DA:102,0
DA:103,0
DA:105,0
DA:106,0
DA:107,0
DA:114,0
DA:123,0
DA:124,0
DA:127,0
DA:128,0
DA:130,0
DA:138,0
DA:140,0
DA:142,0
DA:148,0
DA:151,0
DA:158,0
DA:165,0
DA:173,0
LF:42
LH:0
BRDA:42,0,0,0
BRDA:42,0,1,0
BRDA:44,1,0,0
BRDA:44,1,1,0
BRDA:51,2,0,0
BRDA:51,2,1,0
BRDA:56,3,0,0
BRDA:56,3,1,0
BRDA:75,4,0,0
BRDA:75,4,1,0
BRDA:86,5,0,0
BRDA:86,5,1,0
BRDA:100,6,0,0
BRDA:100,6,1,0
BRDA:105,7,0,0
BRDA:105,7,1,0
BRDA:138,8,0,0
BRDA:138,8,1,0
BRDA:138,9,0,0
BRDA:138,9,1,0
BRDA:148,10,0,0
BRDA:148,10,1,0
BRF:22
BRH:0
end_of_record
TN:
SF:middleware\auth.js
FN:7,(anonymous_0)
FN:69,(anonymous_1)
FN:70,(anonymous_2)
FN:83,(anonymous_3)
FN:125,(anonymous_4)
FNF:5
FNH:0
FNDA:0,(anonymous_0)
FNDA:0,(anonymous_1)
FNDA:0,(anonymous_2)
FNDA:0,(anonymous_3)
FNDA:0,(anonymous_4)
DA:1,0
DA:2,0
DA:3,0
DA:4,0
DA:7,0
DA:8,0
DA:12,0
DA:13,0
DA:16,0
DA:17,0
DA:24,0
DA:27,0
DA:29,0
DA:30,0
DA:37,0
DA:38,0
DA:45,0
DA:46,0
DA:49,0
DA:50,0
DA:55,0
DA:56,0
DA:61,0
DA:69,0
DA:70,0
DA:71,0
DA:72,0
DA:76,0
DA:83,0
DA:84,0
DA:85,0
DA:92,0
DA:94,0
DA:95,0
DA:100,0
DA:106,0
DA:107,0
DA:114,0
DA:120,0
DA:125,0
DA:126,0
LF:41
LH:0
BRDA:12,0,0,0
BRDA:12,0,1,0
BRDA:12,1,0,0
BRDA:12,1,1,0
BRDA:16,2,0,0
BRDA:16,2,1,0
BRDA:29,3,0,0
BRDA:29,3,1,0
BRDA:37,4,0,0
BRDA:37,4,1,0
BRDA:49,5,0,0
BRDA:49,5,1,0
BRDA:55,6,0,0
BRDA:55,6,1,0
BRDA:71,7,0,0
BRDA:71,7,1,0
BRDA:84,8,0,0
BRDA:84,8,1,0
BRDA:92,9,0,0
BRDA:92,9,1,0
BRDA:92,10,0,0
BRDA:92,10,1,0
BRDA:94,11,0,0
BRDA:94,11,1,0
BRDA:106,12,0,0
BRDA:106,12,1,0
BRDA:127,13,0,0
BRDA:127,13,1,0
BRF:28
BRH:0
end_of_record
TN:
SF:middleware\cache.js
FN:12,(anonymous_0)
FN:25,(anonymous_1)
FN:26,(anonymous_2)
FN:53,(anonymous_3)
FN:59,(anonymous_4)
FN:79,(anonymous_5)
FN:91,(anonymous_6)
FN:104,(anonymous_7)
FN:105,(anonymous_8)
FN:110,(anonymous_9)
FN:164,(anonymous_10)
FNF:11
FNH:0
FNDA:0,(anonymous_0)
FNDA:0,(anonymous_1)
FNDA:0,(anonymous_2)
FNDA:0,(anonymous_3)
FNDA:0,(anonymous_4)
FNDA:0,(anonymous_5)
FNDA:0,(anonymous_6)
FNDA:0,(anonymous_7)
FNDA:0,(anonymous_8)
FNDA:0,(anonymous_9)
FNDA:0,(anonymous_10)
DA:1,0
DA:2,0
DA:12,0
DA:13,0
DA:14,0
DA:15,0
DA:17,0
DA:25,0
DA:26,0
DA:28,0
DA:29,0
DA:32,0
DA:34,0
DA:37,0
DA:39,0
DA:41,0
DA:43,0
DA:51,0
DA:53,0
DA:55,0
DA:57,0
DA:58,0
DA:59,0
DA:64,0
DA:67,0
DA:70,0
DA:71,0
DA:79,0
DA:80,0
DA:81,0
DA:82,0
DA:84,0
DA:91,0
DA:92,0
DA:93,0
DA:94,0
DA:96,0
DA:104,0
DA:105,0
DA:107,0
DA:108,0
DA:110,0
DA:112,0
DA:113,0
DA:115,0
DA:116,0
DA:120,0
DA:121,0
DA:124,0
DA:128,0
DA:132,0
DA:139,0
DA:150,0
DA:164,0
DA:167,0
LF:55
LH:0
BRDA:13,0,0,0
BRDA:13,0,1,0
BRDA:13,1,0,0
BRDA:13,1,1,0
BRDA:15,2,0,0
BRDA:15,2,1,0
BRDA:25,3,0,0
BRDA:25,4,0,0
BRDA:28,5,0,0
BRDA:28,5,1,0
BRDA:34,6,0,0
BRDA:34,6,1,0
BRDA:39,7,0,0
BRDA:39,7,1,0
BRDA:55,8,0,0
BRDA:55,8,1,0
BRDA:57,9,0,0
BRDA:57,9,1,0
BRDA:104,10,0,0
BRDA:107,11,0,0
BRDA:107,11,1,0
BRDA:112,12,0,0
BRDA:112,12,1,0
BRDA:112,13,0,0
BRDA:112,13,1,0
BRDA:115,14,0,0
BRDA:115,14,1,0
BRDA:115,15,0,0
BRDA:115,15,1,0
BRF:29
BRH:0
end_of_record
TN:
SF:middleware\errorHandler.js
FN:1,(anonymous_0)
FN:21,(anonymous_1)
FNF:2
FNH:0
FNDA:0,(anonymous_0)
FNDA:0,(anonymous_1)
DA:1,0
DA:2,0
DA:4,0
DA:5,0
DA:8,0
DA:9,0
DA:10,0
DA:14,0
DA:15,0
DA:16,0
DA:20,0
DA:21,0
DA:22,0
DA:25,0
DA:31,0
LF:15
LH:0
BRDA:8,0,0,0
BRDA:8,0,1,0
BRDA:14,1,0,0
BRDA:14,1,1,0
BRDA:20,2,0,0
BRDA:20,2,1,0
BRDA:25,3,0,0
BRDA:25,3,1,0
BRDA:27,4,0,0
BRDA:27,4,1,0
BRF:10
BRH:0
end_of_record
TN:
SF:middleware\fieldSelection.js
FN:15,(anonymous_0)
FN:24,(anonymous_1)
FN:24,(anonymous_2)
FN:52,(anonymous_3)
FN:56,(anonymous_4)
FN:62,(anonymous_5)
FN:68,(anonymous_6)
FN:85,(anonymous_7)
FN:92,(anonymous_8)
FN:105,(anonymous_9)
FN:113,(anonymous_10)
FN:119,(anonymous_11)
FN:121,(anonymous_12)
FN:122,(anonymous_13)
FN:125,(anonymous_14)
FN:131,(anonymous_15)
FN:143,(anonymous_16)
FN:153,(anonymous_17)
FN:158,(anonymous_18)
FN:170,(anonymous_19)
FN:177,(anonymous_20)
FN:207,(anonymous_21)
FN:211,(anonymous_22)
FN:217,(anonymous_23)
FN:223,(anonymous_24)
FN:224,(anonymous_25)
FN:229,(anonymous_26)
FN:238,(anonymous_27)
FN:249,(anonymous_28)
FN:253,(anonymous_29)
FN:257,(anonymous_30)
FN:287,(anonymous_31)
FNF:32
FNH:0
FNDA:0,(anonymous_0)
FNDA:0,(anonymous_1)
FNDA:0,(anonymous_2)
FNDA:0,(anonymous_3)
FNDA:0,(anonymous_4)
FNDA:0,(anonymous_5)
FNDA:0,(anonymous_6)
FNDA:0,(anonymous_7)
FNDA:0,(anonymous_8)
FNDA:0,(anonymous_9)
FNDA:0,(anonymous_10)
FNDA:0,(anonymous_11)
FNDA:0,(anonymous_12)
FNDA:0,(anonymous_13)
FNDA:0,(anonymous_14)
FNDA:0,(anonymous_15)
FNDA:0,(anonymous_16)
FNDA:0,(anonymous_17)
FNDA:0,(anonymous_18)
FNDA:0,(anonymous_19)
FNDA:0,(anonymous_20)
FNDA:0,(anonymous_21)
FNDA:0,(anonymous_22)
FNDA:0,(anonymous_23)
FNDA:0,(anonymous_24)
FNDA:0,(anonymous_25)
FNDA:0,(anonymous_26)
FNDA:0,(anonymous_27)
FNDA:0,(anonymous_28)
FNDA:0,(anonymous_29)
FNDA:0,(anonymous_30)
FNDA:0,(anonymous_31)
DA:6,0
DA:15,0
DA:16,0
DA:18,0
DA:19,0
DA:23,0
DA:24,0
DA:28,0
DA:29,0
DA:32,0
DA:38,0
DA:52,0
DA:53,0
DA:55,0
DA:56,0
DA:58,0
DA:62,0
DA:64,0
DA:67,0
DA:68,0
DA:70,0
DA:72,0
DA:75,0
DA:79,0
DA:85,0
DA:90,0
DA:92,0
DA:93,0
DA:96,0
DA:97,0
DA:100,0
DA:106,0
DA:107,0
DA:109,0
DA:114,0
DA:115,0
DA:119,0
DA:120,0
DA:121,0
DA:122,0
DA:124,0
DA:125,0
DA:126,0
DA:130,0
DA:131,0
DA:132,0
DA:136,0
DA:140,0
DA:141,0
DA:143,0
DA:144,0
DA:145,0
DA:149,0
DA:154,0
DA:155,0
DA:158,0
DA:162,0
DA:170,0
DA:171,0
DA:172,0
DA:175,0
DA:177,0
DA:179,0
DA:181,0
DA:182,0
DA:185,0
DA:186,0
DA:189,0
DA:190,0
DA:193,0
DA:194,0
DA:198,0
DA:201,0
DA:207,0
DA:208,0
DA:210,0
DA:211,0
DA:212,0
DA:214,0
DA:217,0
DA:219,0
DA:221,0
DA:222,0
DA:223,0
DA:225,0
DA:229,0
DA:230,0
DA:233,0
DA:237,0
DA:238,0
DA:239,0
DA:242,0
DA:249,0
DA:250,0
DA:253,0
DA:254,0
DA:255,0
DA:256,0
DA:257,0
DA:258,0
DA:262,0
DA:263,0
DA:269,0
DA:287,0
DA:288,0
DA:293,0
LF:106
LH:0
BRDA:16,0,0,0
BRDA:16,0,1,0
BRDA:18,1,0,0
BRDA:18,1,1,0
BRDA:23,2,0,0
BRDA:23,2,1,0
BRDA:28,3,0,0
BRDA:28,3,1,0
BRDA:52,4,0,0
BRDA:53,5,0,0
BRDA:53,5,1,0
BRDA:53,6,0,0
BRDA:53,6,1,0
BRDA:55,7,0,0
BRDA:55,7,1,0
BRDA:67,8,0,0
BRDA:67,8,1,0
BRDA:70,9,0,0
BRDA:70,9,1,0
BRDA:85,10,0,0
BRDA:87,11,0,0
BRDA:88,12,0,0
BRDA:89,13,0,0
BRDA:96,14,0,0
BRDA:96,14,1,0
BRDA:106,15,0,0
BRDA:106,15,1,0
BRDA:114,16,0,0
BRDA:114,16,1,0
BRDA:114,17,0,0
BRDA:114,17,1,0
BRDA:119,18,0,0
BRDA:119,18,1,0
BRDA:130,19,0,0
BRDA:130,19,1,0
BRDA:144,20,0,0
BRDA:144,20,1,0
BRDA:154,21,0,0
BRDA:154,21,1,0
BRDA:171,22,0,0
BRDA:171,22,1,0
BRDA:171,23,0,0
BRDA:171,23,1,0
BRDA:179,24,0,0
BRDA:179,24,1,0
BRDA:179,25,0,0
BRDA:179,25,1,0
BRDA:181,26,0,0
BRDA:181,26,1,0
BRDA:181,27,0,0
BRDA:181,27,1,0
BRDA:185,28,0,0
BRDA:185,28,1,0
BRDA:185,29,0,0
BRDA:185,29,1,0
BRDA:189,30,0,0
BRDA:189,30,1,0
BRDA:193,31,0,0
BRDA:193,31,1,0
BRDA:193,32,0,0
BRDA:193,32,1,0
BRDA:208,33,0,0
BRDA:208,33,1,0
BRDA:208,34,0,0
BRDA:208,34,1,0
BRDA:219,35,0,0
BRDA:219,35,1,0
BRDA:255,36,0,0
BRDA:255,36,1,0
BRF:69
BRH:0
end_of_record
TN:
SF:middleware\pagination.js
FN:18,(anonymous_0)
FN:43,(anonymous_1)
FN:62,(anonymous_2)
FN:72,(anonymous_3)
FN:77,(anonymous_4)
FN:95,(anonymous_5)
FN:118,(anonymous_6)
FN:127,(anonymous_7)
FN:144,(anonymous_8)
FN:167,(anonymous_9)
FN:198,(anonymous_10)
FN:203,(anonymous_11)
FN:236,(anonymous_12)
FN:242,(anonymous_13)
FNF:14
FNH:0
FNDA:0,(anonymous_0)
FNDA:0,(anonymous_1)
FNDA:0,(anonymous_2)
FNDA:0,(anonymous_3)
FNDA:0,(anonymous_4)
FNDA:0,(anonymous_5)
FNDA:0,(anonymous_6)
FNDA:0,(anonymous_7)
FNDA:0,(anonymous_8)
FNDA:0,(anonymous_9)
FNDA:0,(anonymous_10)
FNDA:0,(anonymous_11)
FNDA:0,(anonymous_12)
FNDA:0,(anonymous_13)
DA:6,0
DA:11,0
DA:12,0
DA:13,0
DA:18,0
DA:19,0
DA:20,0
DA:23,0
DA:24,0
DA:28,0
DA:29,0
DA:31,0
DA:32,0
DA:35,0
DA:37,0
DA:43,0
DA:44,0
DA:46,0
DA:62,0
DA:63,0
DA:66,0
DA:73,0
DA:78,0
DA:86,0
DA:95,0
DA:97,0
DA:98,0
DA:100,0
DA:103,0
DA:108,0
DA:118,0
DA:119,0
DA:120,0
DA:122,0
DA:128,0
DA:130,0
DA:132,0
DA:133,0
DA:136,0
DA:140,0
DA:145,0
DA:146,0
DA:148,0
DA:161,0
DA:167,0
DA:168,0
DA:169,0
DA:171,0
DA:174,0
DA:184,0
DA:186,0
DA:187,0
DA:189,0
DA:198,0
DA:199,0
DA:200,0
DA:201,0
DA:203,0
DA:204,0
DA:205,0
DA:208,0
DA:211,0
DA:212,0
DA:216,0
DA:217,0
DA:221,0
DA:222,0
DA:226,0
DA:227,0
DA:230,0
DA:236,0
DA:237,0
DA:240,0
DA:242,0
DA:243,0
DA:246,0
DA:247,0
DA:248,0
DA:252,0
DA:254,0
DA:258,0
LF:81
LH:0
BRDA:19,0,0,0
BRDA:19,0,1,0
BRDA:20,1,0,0
BRDA:20,1,1,0
BRDA:23,2,0,0
BRDA:23,2,1,0
BRDA:28,3,0,0
BRDA:28,3,1,0
BRDA:31,4,0,0
BRDA:31,4,1,0
BRDA:53,5,0,0
BRDA:53,5,1,0
BRDA:54,6,0,0
BRDA:54,6,1,0
BRDA:95,7,0,0
BRDA:95,8,0,0
BRDA:119,9,0,0
BRDA:119,9,1,0
BRDA:127,10,0,0
BRDA:130,11,0,0
BRDA:130,11,1,0
BRDA:132,12,0,0
BRDA:132,12,1,0
BRDA:144,13,0,0
BRDA:146,14,0,0
BRDA:146,14,1,0
BRDA:154,15,0,0
BRDA:154,15,1,0
BRDA:167,16,0,0
BRDA:167,17,0,0
BRDA:186,18,0,0
BRDA:186,18,1,0
BRDA:187,19,0,0
BRDA:187,19,1,0
BRDA:211,20,0,0
BRDA:211,20,1,0
BRDA:216,21,0,0
BRDA:216,21,1,0
BRDA:221,22,0,0
BRDA:221,22,1,0
BRDA:226,23,0,0
BRDA:226,23,1,0
BRDA:247,24,0,0
BRDA:247,24,1,0
BRF:44
BRH:0
end_of_record
TN:
SF:middleware\patientAuth.js
FN:15,(anonymous_0)
FN:83,(anonymous_1)
FNF:2
FNH:0
FNDA:0,(anonymous_0)
FNDA:0,(anonymous_1)
DA:8,0
DA:9,0
DA:10,0
DA:15,0
DA:16,0
DA:20,0
DA:21,0
DA:24,0
DA:25,0
DA:32,0
DA:35,0
DA:37,0
DA:38,0
DA:45,0
DA:46,0
DA:53,0
DA:54,0
DA:55,0
DA:57,0
DA:60,0
DA:61,0
DA:66,0
DA:67,0
DA:72,0
DA:83,0
DA:84,0
DA:88,0
DA:89,0
DA:92,0
DA:93,0
DA:100,0
DA:103,0
DA:104,0
DA:107,0
DA:108,0
DA:109,0
DA:110,0
DA:113,0
DA:114,0
DA:121,0
DA:122,0
DA:129,0
DA:130,0
DA:132,0
DA:133,0
DA:136,0
DA:139,0
DA:140,0
DA:145,0
DA:146,0
DA:151,0
DA:158,0
LF:52
LH:0
BRDA:20,0,0,0
BRDA:20,0,1,0
BRDA:20,1,0,0
BRDA:20,1,1,0
BRDA:24,2,0,0
BRDA:24,2,1,0
BRDA:37,3,0,0
BRDA:37,3,1,0
BRDA:45,4,0,0
BRDA:45,4,1,0
BRDA:60,5,0,0
BRDA:60,5,1,0
BRDA:66,6,0,0
BRDA:66,6,1,0
BRDA:88,7,0,0
BRDA:88,7,1,0
BRDA:88,8,0,0
BRDA:88,8,1,0
BRDA:92,9,0,0
BRDA:92,9,1,0
BRDA:107,10,0,0
BRDA:107,10,1,0
BRDA:113,11,0,0
BRDA:113,11,1,0
BRDA:121,12,0,0
BRDA:121,12,1,0
BRDA:132,13,0,0
BRDA:132,13,1,0
BRDA:139,14,0,0
BRDA:139,14,1,0
BRDA:145,15,0,0
BRDA:145,15,1,0
BRF:32
BRH:0
end_of_record
TN:
SF:middleware\queryCache.js
FN:18,(anonymous_0)
FN:42,(anonymous_1)
FN:45,(anonymous_2)
FN:49,(anonymous_3)
FN:96,(anonymous_4)
FN:107,(anonymous_5)
FN:114,(anonymous_6)
FN:147,(anonymous_7)
FN:149,(anonymous_8)
FN:154,(anonymous_9)
FN:166,(anonymous_10)
FN:192,(anonymous_11)
FN:199,(anonymous_12)
FN:206,(anonymous_13)
FN:230,(anonymous_14)
FNF:15
FNH:0
FNDA:0,(anonymous_0)
FNDA:0,(anonymous_1)
FNDA:0,(anonymous_2)
FNDA:0,(anonymous_3)
FNDA:0,(anonymous_4)
FNDA:0,(anonymous_5)
FNDA:0,(anonymous_6)
FNDA:0,(anonymous_7)
FNDA:0,(anonymous_8)
FNDA:0,(anonymous_9)
FNDA:0,(anonymous_10)
FNDA:0,(anonymous_11)
FNDA:0,(anonymous_12)
FNDA:0,(anonymous_13)
FNDA:0,(anonymous_14)
DA:6,0
DA:7,0
DA:10,0
DA:13,0
DA:18,0
DA:19,0
DA:20,0
DA:23,0
DA:32,0
DA:42,0
DA:45,0
DA:47,0
DA:49,0
DA:55,0
DA:62,0
DA:65,0
DA:67,0
DA:69,0
DA:71,0
DA:72,0
DA:74,0
DA:80,0
DA:81,0
DA:83,0
DA:87,0
DA:93,0
DA:96,0
DA:98,0
DA:100,0
DA:105,0
DA:108,0
DA:115,0
DA:123,0
DA:124,0
DA:125,0
DA:128,0
DA:131,0
DA:133,0
DA:139,0
DA:147,0
DA:148,0
DA:149,0
DA:152,0
DA:153,0
DA:154,0
DA:155,0
DA:157,0
DA:160,0
DA:166,0
DA:167,0
DA:168,0
DA:171,0
DA:172,0
DA:174,0
DA:175,0
DA:176,0
DA:182,0
DA:192,0
DA:193,0
DA:199,0
DA:200,0
DA:206,0
DA:207,0
DA:208,0
DA:211,0
DA:212,0
DA:214,0
DA:215,0
DA:216,0
DA:221,0
DA:230,0
DA:231,0
DA:232,0
DA:235,0
DA:236,0
DA:237,0
DA:239,0
DA:245,0
DA:248,0
DA:252,0
LF:80
LH:0
BRDA:20,0,0,0
BRDA:20,0,1,0
BRDA:42,1,0,0
BRDA:44,2,0,0
BRDA:45,3,0,0
BRDA:46,4,0,0
BRDA:55,5,0,0
BRDA:55,5,1,0
BRDA:56,6,0,0
BRDA:56,6,1,0
BRDA:56,6,2,0
BRDA:56,6,3,0
BRDA:56,6,4,0
BRDA:71,7,0,0
BRDA:71,7,1,0
BRDA:98,8,0,0
BRDA:98,8,1,0
BRDA:98,9,0,0
BRDA:98,9,1,0
BRDA:100,10,0,0
BRDA:100,10,1,0
BRDA:148,11,0,0
BRDA:148,11,1,0
BRDA:152,12,0,0
BRDA:152,12,1,0
BRDA:152,13,0,0
BRDA:152,13,1,0
BRDA:167,14,0,0
BRDA:167,14,1,0
BRDA:167,15,0,0
BRDA:167,15,1,0
BRDA:174,16,0,0
BRDA:174,16,1,0
BRDA:207,17,0,0
BRDA:207,17,1,0
BRDA:207,18,0,0
BRDA:207,18,1,0
BRDA:214,19,0,0
BRDA:214,19,1,0
BRDA:231,20,0,0
BRDA:231,20,1,0
BRDA:231,21,0,0
BRDA:231,21,1,0
BRF:43
BRH:0
end_of_record
TN:
SF:middleware\rateLimitEnhanced.js
FN:22,(anonymous_0)
FN:26,(anonymous_1)
FN:34,(anonymous_2)
FN:60,(anonymous_3)
FN:95,(anonymous_4)
FN:132,(anonymous_5)
FN:160,(anonymous_6)
FN:174,(anonymous_7)
FN:187,(anonymous_8)
FN:200,(anonymous_9)
FN:208,(anonymous_10)
FN:227,(anonymous_11)
FN:238,(anonymous_12)
FN:244,(anonymous_13)
FN:282,(anonymous_14)
FN:313,(anonymous_15)
FN:314,(anonymous_16)
FN:329,(anonymous_17)
FN:346,(anonymous_18)
FN:364,(anonymous_19)
FNF:20
FNH:0
FNDA:0,(anonymous_0)
FNDA:0,(anonymous_1)
FNDA:0,(anonymous_2)
FNDA:0,(anonymous_3)
FNDA:0,(anonymous_4)
FNDA:0,(anonymous_5)
FNDA:0,(anonymous_6)
FNDA:0,(anonymous_7)
FNDA:0,(anonymous_8)
FNDA:0,(anonymous_9)
FNDA:0,(anonymous_10)
FNDA:0,(anonymous_11)
FNDA:0,(anonymous_12)
FNDA:0,(anonymous_13)
FNDA:0,(anonymous_14)
FNDA:0,(anonymous_15)
FNDA:0,(anonymous_16)
FNDA:0,(anonymous_17)
FNDA:0,(anonymous_18)
FNDA:0,(anonymous_19)
DA:6,0
DA:7,0
DA:8,0
DA:9,0
DA:10,0
DA:13,0
DA:16,0
DA:17,0
DA:22,0
DA:23,0
DA:26,0
DA:27,0
DA:34,0
DA:44,0
DA:46,0
DA:61,0
DA:63,0
DA:72,0
DA:78,0
DA:79,0
DA:82,0
DA:91,0
DA:92,0
DA:95,0
DA:99,0
DA:106,0
DA:116,0
DA:127,0
DA:134,0
DA:146,0
DA:156,0
DA:162,0
DA:170,0
DA:175,0
DA:183,0
DA:188,0
DA:196,0
DA:201,0
DA:208,0
DA:209,0
DA:212,0
DA:221,0
DA:223,0
DA:228,0
DA:232,0
DA:238,0
DA:239,0
DA:240,0
DA:241,0
DA:242,0
DA:244,0
DA:245,0
DA:248,0
DA:249,0
DA:251,0
DA:258,0
DA:259,0
DA:261,0
DA:263,0
DA:264,0
DA:266,0
DA:269,0
DA:270,0
DA:275,0
DA:278,0
DA:279,0
DA:282,0
DA:283,0
DA:284,0
DA:287,0
DA:294,0
DA:298,0
DA:299,0
DA:300,0
DA:301,0
DA:306,0
DA:313,0
DA:314,0
DA:316,0
DA:318,0
DA:319,0
DA:320,0
DA:323,0
DA:329,0
DA:330,0
DA:331,0
DA:334,0
DA:335,0
DA:336,0
DA:338,0
DA:339,0
DA:346,0
DA:347,0
DA:348,0
DA:351,0
DA:352,0
DA:353,0
DA:354,0
DA:356,0
DA:357,0
DA:364,0
DA:365,0
DA:366,0
DA:369,0
DA:370,0
DA:372,0
DA:378,0
DA:379,0
DA:383,0
LF:109
LH:0
BRDA:16,0,0,0
BRDA:16,0,1,0
BRDA:39,1,0,0
BRDA:40,2,0,0
BRDA:41,3,0,0
BRDA:42,4,0,0
BRDA:43,5,0,0
BRDA:49,6,0,0
BRDA:49,6,1,0
BRDA:60,7,0,0
BRDA:60,7,1,0
BRDA:78,8,0,0
BRDA:78,8,1,0
BRDA:84,9,0,0
BRDA:84,9,1,0
BRDA:91,10,0,0
BRDA:91,10,1,0
BRDA:162,11,0,0
BRDA:162,11,1,0
BRDA:175,12,0,0
BRDA:175,12,1,0
BRDA:188,13,0,0
BRDA:188,13,1,0
BRDA:201,14,0,0
BRDA:201,14,1,0
BRDA:221,15,0,0
BRDA:221,15,1,0
BRDA:228,16,0,0
BRDA:228,16,1,0
BRDA:228,17,0,0
BRDA:228,17,1,0
BRDA:245,18,0,0
BRDA:245,18,1,0
BRDA:248,19,0,0
BRDA:248,19,1,0
BRDA:261,20,0,0
BRDA:261,20,1,0
BRDA:263,21,0,0
BRDA:263,21,1,0
BRDA:269,22,0,0
BRDA:269,22,1,0
BRDA:298,23,0,0
BRDA:298,23,1,0
BRDA:300,24,0,0
BRDA:300,24,1,0
BRDA:314,25,0,0
BRDA:314,25,1,0
BRDA:316,26,0,0
BRDA:316,26,1,0
BRDA:318,27,0,0
BRDA:318,27,1,0
BRDA:330,28,0,0
BRDA:330,28,1,0
BRDA:336,29,0,0
BRDA:336,29,1,0
BRDA:347,30,0,0
BRDA:347,30,1,0
BRDA:365,31,0,0
BRDA:365,31,1,0
BRF:59
BRH:0
end_of_record
TN:
SF:middleware\rateLimiter.js
FN:5,(anonymous_0)
FN:10,(anonymous_1)
FN:21,(anonymous_2)
FNF:3
FNH:0
FNDA:0,(anonymous_0)
FNDA:0,(anonymous_1)
FNDA:0,(anonymous_2)
DA:1,0
DA:2,0
DA:5,0
DA:6,0
DA:11,0
DA:16,0
DA:23,0
DA:29,0
LF:8
LH:0
BRDA:7,0,0,0
BRDA:7,0,1,0
BRDA:8,1,0,0
BRDA:8,1,1,0
BRDA:9,2,0,0
BRDA:9,2,1,0
BRDA:14,3,0,0
BRDA:14,3,1,0
BRDA:18,4,0,0
BRDA:18,4,1,0
BRDA:23,5,0,0
BRDA:23,5,1,0
BRF:12
BRH:0
end_of_record
TN:
SF:middleware\security.js
FN:13,(anonymous_0)
FN:107,(anonymous_1)
FN:111,(anonymous_2)
FN:125,(anonymous_3)
FN:163,(anonymous_4)
FN:177,(anonymous_5)
FN:195,(anonymous_6)
FN:248,(anonymous_7)
FN:273,(anonymous_8)
FN:286,(anonymous_9)
FN:319,(anonymous_10)
FN:331,(anonymous_11)
FNF:12
FNH:0
FNDA:0,(anonymous_0)
FNDA:0,(anonymous_1)
FNDA:0,(anonymous_2)
FNDA:0,(anonymous_3)
FNDA:0,(anonymous_4)
FNDA:0,(anonymous_5)
FNDA:0,(anonymous_6)
FNDA:0,(anonymous_7)
FNDA:0,(anonymous_8)
FNDA:0,(anonymous_9)
FNDA:0,(anonymous_10)
FNDA:0,(anonymous_11)
DA:6,0
DA:7,0
DA:13,0
DA:14,0
DA:107,0
DA:109,0
DA:111,0
DA:115,0
DA:116,0
DA:124,0
DA:127,0
DA:128,0
DA:132,0
DA:133,0
DA:135,0
DA:136,0
DA:163,0
DA:165,0
DA:166,0
DA:169,0
DA:171,0
DA:177,0
DA:178,0
DA:187,0
DA:189,0
DA:195,0
DA:196,0
DA:199,0
DA:200,0
DA:202,0
DA:203,0
DA:207,0
DA:208,0
DA:209,0
DA:213,0
DA:214,0
DA:215,0
DA:219,0
DA:220,0
DA:222,0
DA:226,0
DA:227,0
DA:236,0
DA:242,0
DA:248,0
DA:250,0
DA:252,0
DA:253,0
DA:254,0
DA:260,0
DA:267,0
DA:273,0
DA:274,0
DA:275,0
DA:276,0
DA:280,0
DA:286,0
DA:288,0
DA:300,0
DA:301,0
DA:305,0
DA:308,0
DA:311,0
DA:313,0
DA:319,0
DA:320,0
DA:323,0
DA:331,0
DA:332,0
DA:334,0
DA:335,0
DA:345,0
DA:348,0
LF:73
LH:0
BRDA:44,0,0,0
BRDA:44,0,1,0
BRDA:50,1,0,0
BRDA:50,1,1,0
BRDA:51,2,0,0
BRDA:51,2,1,0
BRDA:61,3,0,0
BRDA:61,3,1,0
BRDA:109,4,0,0
BRDA:109,4,1,0
BRDA:115,5,0,0
BRDA:115,5,1,0
BRDA:127,6,0,0
BRDA:127,6,1,0
BRDA:132,7,0,0
BRDA:132,7,1,0
BRDA:179,8,0,0
BRDA:179,8,1,0
BRDA:202,9,0,0
BRDA:202,9,1,0
BRDA:208,10,0,0
BRDA:208,10,1,0
BRDA:214,11,0,0
BRDA:214,11,1,0
BRDA:220,12,0,0
BRDA:220,12,1,0
BRDA:220,13,0,0
BRDA:220,13,1,0
BRDA:226,14,0,0
BRDA:226,14,1,0
BRDA:253,15,0,0
BRDA:253,15,1,0
BRDA:253,16,0,0
BRDA:253,16,1,0
BRDA:274,17,0,0
BRDA:274,17,1,0
BRDA:275,18,0,0
BRDA:275,18,1,0
BRDA:300,19,0,0
BRDA:300,19,1,0
BRDA:334,20,0,0
BRDA:334,20,1,0
BRF:42
BRH:0
end_of_record
TN:
SF:middleware\upload.js
FN:18,(anonymous_0)
FN:24,(anonymous_1)
FN:43,(anonymous_2)
FN:44,(anonymous_3)
FN:54,(anonymous_4)
FN:118,(anonymous_5)
FN:135,(anonymous_6)
FNF:7
FNH:0
FNDA:0,(anonymous_0)
FNDA:0,(anonymous_1)
FNDA:0,(anonymous_2)
FNDA:0,(anonymous_3)
FNDA:0,(anonymous_4)
FNDA:0,(anonymous_5)
FNDA:0,(anonymous_6)
DA:1,0
DA:2,0
DA:3,0
DA:4,0
DA:5,0
DA:6,0
DA:9,0
DA:18,0
DA:19,0
DA:20,0
DA:21,0
DA:24,0
DA:25,0
DA:26,0
DA:27,0
DA:30,0
DA:31,0
DA:36,0
DA:40,0
DA:43,0
DA:44,0
DA:45,0
DA:46,0
DA:51,0
DA:54,0
DA:56,0
DA:57,0
DA:60,0
DA:61,0
DA:63,0
DA:64,0
DA:65,0
DA:67,0
DA:76,0
DA:77,0
DA:78,0
DA:80,0
DA:87,0
DA:92,0
DA:93,0
DA:95,0
DA:102,0
DA:108,0
DA:118,0
DA:119,0
DA:120,0
DA:121,0
DA:124,0
DA:126,0
DA:127,0
DA:130,0
DA:131,0
DA:132,0
DA:135,0
DA:136,0
DA:142,0
DA:144,0
DA:145,0
DA:147,0
DA:149,0
DA:150,0
DA:155,0
DA:162,0
DA:163,0
DA:165,0
DA:166,0
DA:172,0
DA:178,0
DA:181,0
DA:183,0
DA:187,0
DA:192,0
LF:72
LH:0
BRDA:19,0,0,0
BRDA:19,0,1,0
BRDA:30,1,0,0
BRDA:30,1,1,0
BRDA:72,2,0,0
BRDA:72,2,1,0
BRDA:76,3,0,0
BRDA:76,3,1,0
BRDA:77,4,0,0
BRDA:77,4,1,0
BRDA:77,5,0,0
BRDA:77,5,1,0
BRDA:84,6,0,0
BRDA:84,6,1,0
BRDA:92,7,0,0
BRDA:92,7,1,0
BRDA:92,8,0,0
BRDA:92,8,1,0
BRDA:99,9,0,0
BRDA:99,9,1,0
BRDA:120,10,0,0
BRDA:120,10,1,0
BRDA:120,11,0,0
BRDA:120,11,1,0
BRDA:126,12,0,0
BRDA:126,12,1,0
BRDA:130,13,0,0
BRDA:130,13,1,0
BRDA:131,14,0,0
BRDA:131,14,1,0
BRDA:147,15,0,0
BRDA:147,15,1,0
BRDA:153,16,0,0
BRDA:153,16,1,0
BRDA:163,17,0,0
BRDA:163,17,1,0
BRDA:170,18,0,0
BRDA:170,18,1,0
BRDA:178,19,0,0
BRDA:178,19,1,0
BRDA:185,20,0,0
BRDA:185,20,1,0
BRF:42
BRH:0
end_of_record
TN:
SF:middleware\uploadEnhanced.js
FN:37,sanitizeFilename
FN:64,generateSecureFilename
FN:75,checkUserQuota
FN:83,calculateUserFiles
FN:86,(anonymous_4)
FN:120,validateImageDimensions
FN:143,scanFile
FN:174,(anonymous_7)
FN:195,(anonymous_8)
FN:196,(anonymous_9)
FN:206,(anonymous_10)
FN:225,(anonymous_11)
FN:279,(anonymous_12)
FN:280,(anonymous_13)
FN:287,(anonymous_14)
FN:300,(anonymous_15)
FN:378,(anonymous_16)
FN:379,(anonymous_17)
FN:397,getUserQuotaInfo
FNF:19
FNH:0
FNDA:0,sanitizeFilename
FNDA:0,generateSecureFilename
FNDA:0,checkUserQuota
FNDA:0,calculateUserFiles
FNDA:0,(anonymous_4)
FNDA:0,validateImageDimensions
FNDA:0,scanFile
FNDA:0,(anonymous_7)
FNDA:0,(anonymous_8)
FNDA:0,(anonymous_9)
FNDA:0,(anonymous_10)
FNDA:0,(anonymous_11)
FNDA:0,(anonymous_12)
FNDA:0,(anonymous_13)
FNDA:0,(anonymous_14)
FNDA:0,(anonymous_15)
FNDA:0,(anonymous_16)
FNDA:0,(anonymous_17)
FNDA:0,getUserQuotaInfo
DA:13,0
DA:14,0
DA:15,0
DA:16,0
DA:17,0
DA:18,0
DA:21,0
DA:28,0
DA:39,0
DA:42,0
DA:45,0
DA:46,0
DA:47,0
DA:48,0
DA:52,0
DA:53,0
DA:54,0
DA:55,0
DA:58,0
DA:65,0
DA:66,0
DA:67,0
DA:69,0
DA:76,0
DA:78,0
DA:79,0
DA:80,0
DA:84,0
DA:86,0
DA:87,0
DA:88,0
DA:90,0
DA:91,0
DA:92,0
DA:93,0
DA:94,0
DA:99,0
DA:100,0
DA:103,0
DA:112,0
DA:113,0
DA:121,0
DA:123,0
DA:124,0
DA:127,0
DA:128,0
DA:134,0
DA:136,0
DA:147,0
DA:148,0
DA:151,0
DA:152,0
DA:155,0
DA:156,0
DA:162,0
DA:164,0
DA:167,0
DA:168,0
DA:173,0
DA:175,0
DA:178,0
DA:179,0
DA:180,0
DA:181,0
DA:182,0
DA:183,0
DA:184,0
DA:185,0
DA:186,0
DA:187,0
DA:189,0
DA:193,0
DA:194,0
DA:195,0
DA:198,0
DA:199,0
DA:201,0
DA:207,0
DA:208,0
DA:211,0
DA:213,0
DA:220,0
DA:225,0
DA:226,0
DA:228,0
DA:229,0
DA:233,0
DA:235,0
DA:236,0
DA:241,0
DA:245,0
DA:247,0
DA:248,0
DA:253,0
DA:257,0
DA:258,0
DA:260,0
DA:261,0
DA:266,0
DA:269,0
DA:273,0
DA:280,0
DA:287,0
DA:288,0
DA:289,0
DA:290,0
DA:293,0
DA:295,0
DA:296,0
DA:297,0
DA:298,0
DA:300,0
DA:301,0
DA:307,0
DA:308,0
DA:311,0
DA:312,0
DA:314,0
DA:315,0
DA:316,0
DA:321,0
DA:328,0
DA:329,0
DA:330,0
DA:331,0
DA:332,0
DA:337,0
DA:345,0
DA:346,0
DA:347,0
DA:348,0
DA:353,0
DA:359,0
DA:367,0
DA:370,0
DA:377,0
DA:378,0
DA:379,0
DA:381,0
DA:382,0
DA:387,0
DA:398,0
DA:400,0
DA:401,0
DA:404,0
DA:406,0
DA:432,0
LF:147
LH:0
BRDA:46,0,0,0
BRDA:46,0,1,0
BRDA:52,1,0,0
BRDA:52,1,1,0
BRDA:90,2,0,0
BRDA:90,2,1,0
BRDA:92,3,0,0
BRDA:92,3,1,0
BRDA:99,4,0,0
BRDA:99,4,1,0
BRDA:106,5,0,0
BRDA:106,5,1,0
BRDA:127,6,0,0
BRDA:127,6,1,0
BRDA:127,7,0,0
BRDA:127,7,1,0
BRDA:151,8,0,0
BRDA:151,8,1,0
BRDA:155,9,0,0
BRDA:155,9,1,0
BRDA:178,10,0,0
BRDA:178,10,1,0
BRDA:180,11,0,0
BRDA:180,11,1,0
BRDA:182,12,0,0
BRDA:182,12,1,0
BRDA:184,13,0,0
BRDA:184,13,1,0
BRDA:186,14,0,0
BRDA:186,14,1,0
BRDA:198,15,0,0
BRDA:198,15,1,0
BRDA:207,16,0,0
BRDA:207,16,1,0
BRDA:228,17,0,0
BRDA:228,17,1,0
BRDA:235,18,0,0
BRDA:235,18,1,0
BRDA:247,19,0,0
BRDA:247,19,1,0
BRDA:260,20,0,0
BRDA:260,20,1,0
BRDA:289,21,0,0
BRDA:289,21,1,0
BRDA:289,22,0,0
BRDA:289,22,1,0
BRDA:295,23,0,0
BRDA:295,23,1,0
BRDA:296,24,0,0
BRDA:296,24,1,0
BRDA:297,25,0,0
BRDA:297,25,1,0
BRDA:314,26,0,0
BRDA:314,26,1,0
BRDA:314,27,0,0
BRDA:314,27,1,0
BRDA:328,28,0,0
BRDA:328,28,1,0
BRDA:330,29,0,0
BRDA:330,29,1,0
BRDA:346,30,0,0
BRDA:346,30,1,0
BRDA:377,31,0,0
BRDA:377,31,1,0
BRDA:377,32,0,0
BRDA:377,32,1,0
BRDA:381,33,0,0
BRDA:381,33,1,0
BRDA:400,34,0,0
BRDA:400,34,1,0
BRF:70
BRH:0
end_of_record
TN:
SF:middleware\validateRequest.js
FN:9,(anonymous_0)
FN:10,(anonymous_1)
FN:12,(anonymous_2)
FN:41,(anonymous_3)
FN:48,(anonymous_4)
FN:56,(anonymous_5)
FN:65,(anonymous_6)
FN:71,(anonymous_7)
FN:80,(anonymous_8)
FN:86,(anonymous_9)
FNF:10
FNH:0
FNDA:0,(anonymous_0)
FNDA:0,(anonymous_1)
FNDA:0,(anonymous_2)
FNDA:0,(anonymous_3)
FNDA:0,(anonymous_4)
FNDA:0,(anonymous_5)
FNDA:0,(anonymous_6)
FNDA:0,(anonymous_7)
FNDA:0,(anonymous_8)
FNDA:0,(anonymous_9)
DA:1,0
DA:2,0
DA:9,0
DA:10,0
DA:12,0
DA:14,0
DA:15,0
DA:16,0
DA:23,0
DA:30,0
DA:32,0
DA:35,0
DA:40,0
DA:41,0
DA:48,0
DA:56,0
DA:65,0
DA:71,0
DA:80,0
DA:86,0
DA:94,0
LF:21
LH:0
BRDA:9,0,0,0
BRDA:15,1,0,0
BRDA:15,1,1,0
BRDA:20,2,0,0
BRDA:20,2,1,0
BRDA:30,3,0,0
BRDA:30,3,1,0
BRDA:41,4,0,0
BRDA:48,5,0,0
BRDA:56,6,0,0
BRDA:65,7,0,0
BRDA:71,8,0,0
BRF:12
BRH:0
end_of_record
TN:
SF:middleware\validation.js
FN:5,(anonymous_0)
FN:11,(anonymous_1)
FN:123,(anonymous_2)
FN:125,(anonymous_3)
FN:133,(anonymous_4)
FNF:5
FNH:0
FNDA:0,(anonymous_0)
FNDA:0,(anonymous_1)
FNDA:0,(anonymous_2)
FNDA:0,(anonymous_3)
FNDA:0,(anonymous_4)
DA:1,0
DA:2,0
DA:5,0
DA:6,0
DA:7,0
DA:8,0
DA:11,0
DA:17,0
DA:21,0
DA:45,0
DA:57,0
DA:91,0
DA:103,0
DA:117,0
DA:123,0
DA:125,0
DA:126,0
DA:127,0
DA:129,0
DA:133,0
DA:134,0
DA:135,0
DA:136,0
DA:137,0
DA:138,0
DA:139,0
DA:141,0
DA:144,0
DA:148,0
DA:149,0
DA:153,0
DA:154,0
DA:156,0
DA:157,0
DA:160,0
LF:35
LH:0
BRDA:7,0,0,0
BRDA:7,0,1,0
BRDA:126,1,0,0
BRDA:126,1,1,0
BRDA:136,2,0,0
BRDA:136,2,1,0
BRDA:138,3,0,0
BRDA:138,3,1,0
BRDA:138,4,0,0
BRDA:138,4,1,0
BRDA:148,5,0,0
BRDA:148,5,1,0
BRDA:148,6,0,0
BRDA:148,6,1,0
BRDA:153,7,0,0
BRDA:153,7,1,0
BRDA:153,8,0,0
BRDA:153,8,1,0
BRDA:156,9,0,0
BRDA:156,9,1,0
BRDA:156,10,0,0
BRDA:156,10,1,0
BRF:22
BRH:0
end_of_record
TN:
SF:models\achievement.js
FN:92,(anonymous_0)
FN:165,(anonymous_1)
FNF:2
FNH:0
FNDA:0,(anonymous_0)
FNDA:0,(anonymous_1)
DA:1,0
DA:3,0
DA:87,0
DA:88,0
DA:89,0
DA:92,0
DA:93,0
DA:140,0
DA:141,0
DA:144,0
DA:145,0
DA:148,0
DA:160,0
DA:161,0
DA:165,0
DA:166,0
DA:167,0
DA:170,0
DA:172,0
LF:19
LH:0
BRDA:92,0,0,0
BRDA:141,1,0,0
BRDA:141,1,1,0
BRDA:145,2,0,0
BRDA:145,2,1,0
BRDA:154,3,0,0
BRDA:154,3,1,0
BRDA:155,4,0,0
BRDA:155,4,1,0
BRDA:157,5,0,0
BRDA:157,5,1,0
BRDA:166,6,0,0
BRDA:166,6,1,0
BRF:13
BRH:0
end_of_record
TN:
SF:models\analytics.js
FNF:0
FNH:0
DA:1,0
DA:4,0
DA:109,0
DA:210,0
DA:211,0
DA:212,0
DA:213,0
DA:217,0
DA:218,0
DA:219,0
DA:221,0
DA:222,0
DA:224,0
LF:13
LH:0
BRF:0
BRH:0
end_of_record
TN:
SF:models\application.js
FNF:0
FNH:0
DA:1,3
DA:3,3
DA:32,3
DA:33,3
DA:34,3
DA:35,3
DA:36,3
DA:37,3
DA:39,3
LF:9
LH:9
BRDA:39,0,0,3
BRDA:39,0,1,3
BRF:2
BRH:2
end_of_record
TN:
SF:models\availability.js
FN:19,(anonymous_0)
FN:20,(anonymous_1)
FN:65,(anonymous_2)
FNF:3
FNH:0
FNDA:0,(anonymous_0)
FNDA:0,(anonymous_1)
FNDA:0,(anonymous_2)
DA:1,0
DA:3,0
DA:20,0
DA:61,0
DA:62,0
DA:65,0
DA:66,0
DA:68,0
DA:71,0
DA:72,0
DA:73,0
DA:78,0
DA:79,0
DA:80,0
DA:81,0
DA:86,0
DA:87,0
DA:88,0
DA:89,0
DA:90,0
DA:92,0
DA:93,0
DA:97,0
DA:100,0
DA:102,0
LF:25
LH:0
BRDA:20,0,0,0
BRDA:20,0,1,0
BRDA:66,1,0,0
BRDA:66,1,1,0
BRDA:71,2,0,0
BRDA:71,2,1,0
BRDA:71,3,0,0
BRDA:71,3,1,0
BRDA:72,4,0,0
BRDA:72,4,1,0
BRDA:72,5,0,0
BRDA:72,5,1,0
BRDA:72,5,2,0
BRDA:73,6,0,0
BRDA:73,6,1,0
BRDA:78,7,0,0
BRDA:78,7,1,0
BRDA:78,8,0,0
BRDA:78,8,1,0
BRDA:78,8,2,0
BRDA:80,9,0,0
BRDA:80,9,1,0
BRDA:80,10,0,0
BRDA:80,10,1,0
BRDA:86,11,0,0
BRDA:86,11,1,0
BRDA:86,12,0,0
BRDA:86,12,1,0
BRDA:86,12,2,0
BRDA:92,13,0,0
BRDA:92,13,1,0
BRDA:92,14,0,0
BRDA:92,14,1,0
BRF:33
BRH:0
end_of_record
TN:
SF:models\calendarEvent.js
FN:45,(anonymous_0)
FN:163,(anonymous_1)
FN:201,(anonymous_2)
FN:225,(anonymous_3)
FN:272,(anonymous_4)
FNF:5
FNH:0
FNDA:0,(anonymous_0)
FNDA:0,(anonymous_1)
FNDA:0,(anonymous_2)
FNDA:0,(anonymous_3)
FNDA:0,(anonymous_4)
DA:1,0
DA:3,0
DA:46,0
DA:55,0
DA:157,0
DA:158,0
DA:159,0
DA:160,0
DA:163,0
DA:164,0
DA:167,0
DA:179,0
DA:181,0
DA:183,0
DA:185,0
DA:186,0
DA:196,0
DA:197,0
DA:201,0
DA:203,0
DA:204,0
DA:208,0
DA:209,0
DA:212,0
DA:213,0
DA:214,0
DA:215,0
DA:216,0
DA:218,0
DA:221,0
DA:225,0
DA:226,0
DA:229,0
DA:230,0
DA:231,0
DA:234,0
DA:235,0
DA:238,0
DA:246,0
DA:247,0
DA:248,0
DA:249,0
DA:250,0
DA:251,0
DA:252,0
DA:253,0
DA:254,0
DA:259,0
DA:260,0
DA:261,0
DA:268,0
DA:272,0
DA:276,0
DA:278,0
DA:279,0
DA:295,0
DA:296,0
DA:299,0
DA:302,0
DA:304,0
LF:60
LH:0
BRDA:55,0,0,0
BRDA:55,0,1,0
BRDA:185,1,0,0
BRDA:185,1,1,0
BRDA:203,2,0,0
BRDA:203,2,1,0
BRDA:203,3,0,0
BRDA:203,3,1,0
BRDA:204,4,0,0
BRDA:204,4,1,0
BRDA:209,5,0,0
BRDA:209,5,1,0
BRDA:212,6,0,0
BRDA:212,6,1,0
BRDA:212,7,0,0
BRDA:212,7,1,0
BRDA:212,7,2,0
BRDA:212,7,3,0
BRDA:218,8,0,0
BRDA:218,8,1,0
BRDA:248,9,0,0
BRDA:248,9,1,0
BRDA:248,10,0,0
BRDA:248,10,1,0
BRDA:259,11,0,0
BRDA:259,11,1,0
BRDA:260,12,0,0
BRDA:260,12,1,0
BRDA:281,13,0,0
BRDA:281,13,1,0
BRDA:286,14,0,0
BRDA:286,14,1,0
BRF:32
BRH:0
end_of_record
TN:
SF:models\certification.js
FN:65,(anonymous_0)
FN:84,(anonymous_1)
FN:95,(anonymous_2)
FN:102,(anonymous_3)
FNF:4
FNH:0
FNDA:0,(anonymous_0)
FNDA:0,(anonymous_1)
FNDA:0,(anonymous_2)
FNDA:0,(anonymous_3)
DA:1,0
DA:3,0
DA:60,0
DA:61,0
DA:62,0
DA:65,0
DA:66,0
DA:67,0
DA:68,0
DA:69,0
DA:71,0
DA:72,0
DA:73,0
DA:74,0
DA:75,0
DA:77,0
DA:80,0
DA:84,0
DA:85,0
DA:87,0
DA:88,0
DA:89,0
DA:91,0
DA:94,0
DA:95,0
DA:98,0
DA:102,0
DA:103,0
DA:104,0
DA:105,0
DA:107,0
DA:116,0
DA:118,0
LF:33
LH:0
BRDA:66,0,0,0
BRDA:66,0,1,0
BRDA:71,1,0,0
BRDA:71,1,1,0
BRDA:74,2,0,0
BRDA:74,2,1,0
BRDA:85,3,0,0
BRDA:85,3,1,0
BRDA:91,4,0,0
BRDA:91,4,1,0
BRDA:102,5,0,0
BRF:11
BRH:0
end_of_record
TN:
SF:models\duty.js
FN:250,(anonymous_0)
FN:279,(anonymous_1)
FN:295,(anonymous_2)
FNF:3
FNH:0
FNDA:0,(anonymous_0)
FNDA:0,(anonymous_1)
FNDA:0,(anonymous_2)
DA:1,3
DA:3,3
DA:250,3
DA:252,0
DA:253,0
DA:254,0
DA:255,0
DA:257,0
DA:258,0
DA:261,0
DA:265,0
DA:266,0
DA:270,0
DA:271,0
DA:272,0
DA:275,0
DA:279,3
DA:280,0
DA:282,0
DA:285,0
DA:286,0
DA:287,0
DA:289,0
DA:293,0
DA:294,0
DA:295,0
DA:296,0
DA:298,0
DA:299,0
DA:301,0
DA:305,0
DA:306,0
DA:307,0
DA:308,0
DA:309,0
DA:310,0
DA:311,0
DA:312,0
DA:313,0
DA:314,0
DA:316,0
DA:319,0
DA:323,0
DA:324,0
DA:325,0
DA:326,0
DA:327,0
DA:328,0
DA:331,0
DA:335,3
DA:336,3
DA:337,3
DA:338,3
DA:339,3
DA:340,3
DA:341,3
DA:342,3
DA:344,3
LF:58
LH:13
BRDA:252,0,0,0
BRDA:252,0,1,0
BRDA:252,1,0,0
BRDA:252,1,1,0
BRDA:252,1,2,0
BRDA:257,2,0,0
BRDA:257,2,1,0
BRDA:265,3,0,0
BRDA:265,3,1,0
BRDA:265,4,0,0
BRDA:265,4,1,0
BRDA:270,5,0,0
BRDA:270,5,1,0
BRDA:270,6,0,0
BRDA:270,6,1,0
BRDA:282,7,0,0
BRDA:282,7,1,0
BRDA:282,8,0,0
BRDA:282,8,1,0
BRDA:285,9,0,0
BRDA:285,9,1,0
BRDA:287,10,0,0
BRDA:287,10,1,0
BRDA:287,11,0,0
BRDA:287,11,1,0
BRDA:293,12,0,0
BRDA:293,12,1,0
BRDA:293,13,0,0
BRDA:293,13,1,0
BRDA:293,13,2,0
BRDA:294,14,0,0
BRDA:294,14,1,0
BRDA:305,15,0,0
BRDA:305,15,1,0
BRDA:305,16,0,0
BRDA:305,16,1,0
BRDA:305,16,2,0
BRDA:307,17,0,0
BRDA:307,17,1,0
BRDA:309,18,0,0
BRDA:309,18,1,0
BRDA:309,19,0,0
BRDA:309,19,1,0
BRDA:311,20,0,0
BRDA:311,20,1,0
BRDA:311,21,0,0
BRDA:311,21,1,0
BRDA:313,22,0,0
BRDA:313,22,1,0
BRDA:323,23,0,0
BRDA:323,23,1,0
BRDA:325,24,0,0
BRDA:325,24,1,0
BRDA:327,25,0,0
BRDA:327,25,1,0
BRDA:344,26,0,3
BRDA:344,26,1,3
BRF:57
BRH:2
end_of_record
TN:
SF:models\earning.js
FN:105,(anonymous_0)
FN:110,(anonymous_1)
FN:114,(anonymous_2)
FN:123,(anonymous_3)
FN:131,(anonymous_4)
FNF:5
FNH:0
FNDA:0,(anonymous_0)
FNDA:0,(anonymous_1)
FNDA:0,(anonymous_2)
FNDA:0,(anonymous_3)
FNDA:0,(anonymous_4)
DA:1,0
DA:3,0
DA:95,0
DA:96,0
DA:97,0
DA:99,0
DA:100,0
DA:101,0
DA:102,0
DA:105,0
DA:106,0
DA:107,0
DA:109,0
DA:110,0
DA:113,0
DA:114,0
DA:117,0
DA:119,0
DA:123,0
DA:124,0
DA:125,0
DA:126,0
DA:127,0
DA:131,0
DA:132,0
DA:133,0
DA:135,0
DA:172,0
DA:183,0
DA:185,0
LF:30
LH:0
BRDA:109,0,0,0
BRDA:109,0,1,0
BRDA:109,1,0,0
BRDA:109,1,1,0
BRDA:110,2,0,0
BRDA:110,2,1,0
BRDA:113,3,0,0
BRDA:113,3,1,0
BRDA:113,4,0,0
BRDA:113,4,1,0
BRDA:114,5,0,0
BRDA:114,5,1,0
BRDA:172,6,0,0
BRDA:172,6,1,0
BRF:14
BRH:0
end_of_record
TN:
SF:models\hospitalSettings.js
FN:19,(anonymous_0)
FN:118,(anonymous_1)
FN:125,(anonymous_2)
FN:134,(anonymous_3)
FNF:4
FNH:0
FNDA:0,(anonymous_0)
FNDA:0,(anonymous_1)
FNDA:0,(anonymous_2)
FNDA:0,(anonymous_3)
DA:1,0
DA:3,0
DA:20,0
DA:21,0
DA:118,0
DA:119,0
DA:120,0
DA:122,0
DA:125,0
DA:126,0
DA:127,0
DA:129,0
DA:130,0
DA:134,0
DA:135,0
DA:137,0
DA:138,0
DA:143,0
DA:146,0
LF:19
LH:0
BRDA:119,0,0,0
BRDA:119,0,1,0
BRDA:119,1,0,0
BRDA:119,1,1,0
BRDA:126,2,0,0
BRDA:126,2,1,0
BRDA:126,3,0,0
BRDA:126,3,1,0
BRDA:130,4,0,0
BRDA:130,4,1,0
BRDA:137,5,0,0
BRDA:137,5,1,0
BRDA:146,6,0,0
BRDA:146,6,1,0
BRF:14
BRH:0
end_of_record
TN:
SF:models\message.js
FN:136,(anonymous_0)
FN:152,(anonymous_1)
FN:157,(anonymous_2)
FN:165,(anonymous_3)
FNF:4
FNH:0
FNDA:0,(anonymous_0)
FNDA:0,(anonymous_1)
FNDA:0,(anonymous_2)
FNDA:0,(anonymous_3)
DA:1,0
DA:3,0
DA:83,0
DA:84,0
DA:85,0
DA:88,0
DA:131,0
DA:132,0
DA:133,0
DA:136,0
DA:137,0
DA:152,0
DA:153,0
DA:157,0
DA:158,0
DA:159,0
DA:160,0
DA:161,0
DA:165,0
DA:166,0
DA:167,0
DA:170,0
DA:171,0
DA:173,0
LF:24
LH:0
BRDA:153,0,0,0
BRDA:153,0,1,0
BRDA:159,1,0,0
BRDA:159,1,1,0
BRF:4
BRH:0
end_of_record
TN:
SF:models\notification.js
FN:132,(anonymous_0)
FN:160,(anonymous_1)
FN:165,(anonymous_2)
FN:173,(anonymous_3)
FNF:4
FNH:0
FNDA:0,(anonymous_0)
FNDA:0,(anonymous_1)
FNDA:0,(anonymous_2)
FNDA:0,(anonymous_3)
DA:1,0
DA:3,0
DA:122,0
DA:123,0
DA:124,0
DA:125,0
DA:126,0
DA:127,0
DA:128,0
DA:129,0
DA:132,0
DA:133,0
DA:137,0
DA:138,0
DA:140,0
DA:141,0
DA:143,0
DA:145,0
DA:146,0
DA:148,0
DA:150,0
DA:151,0
DA:153,0
DA:156,0
DA:160,0
DA:161,0
DA:165,0
DA:166,0
DA:173,0
DA:174,0
DA:175,0
DA:176,0
DA:179,0
LF:33
LH:0
BRDA:137,0,0,0
BRDA:137,0,1,0
BRDA:138,1,0,0
BRDA:138,1,1,0
BRDA:143,2,0,0
BRDA:143,2,1,0
BRDA:148,3,0,0
BRDA:148,3,1,0
BRDA:179,4,0,0
BRDA:179,4,1,0
BRF:10
BRH:0
end_of_record
TN:
SF:models\nurseBooking.js
FN:331,(anonymous_0)
FN:362,(anonymous_1)
FNF:2
FNH:0
FNDA:0,(anonymous_0)
FNDA:0,(anonymous_1)
DA:7,0
DA:9,0
DA:322,0
DA:323,0
DA:324,0
DA:325,0
DA:326,0
DA:327,0
DA:328,0
DA:331,0
DA:332,0
DA:333,0
DA:334,0
DA:336,0
DA:337,0
DA:339,0
DA:340,0
DA:342,0
DA:343,0
DA:345,0
DA:346,0
DA:348,0
DA:349,0
DA:351,0
DA:352,0
DA:354,0
DA:355,0
DA:358,0
DA:362,0
DA:363,0
DA:364,0
DA:365,0
DA:366,0
DA:368,0
DA:369,0
DA:370,0
DA:371,0
DA:373,0
DA:376,0
LF:39
LH:0
BRDA:332,0,0,0
BRDA:332,0,1,0
BRDA:334,1,0,0
BRDA:334,1,1,0
BRDA:334,1,2,0
BRDA:334,1,3,0
BRDA:334,1,4,0
BRDA:334,1,5,0
BRDA:334,1,6,0
BRDA:363,2,0,0
BRDA:363,2,1,0
BRDA:366,3,0,0
BRDA:366,3,1,0
BRDA:376,4,0,0
BRDA:376,4,1,0
BRF:15
BRH:0
end_of_record
TN:
SF:models\patient.js
FN:218,(anonymous_0)
FN:227,(anonymous_1)
FN:236,(anonymous_2)
FNF:3
FNH:0
FNDA:0,(anonymous_0)
FNDA:0,(anonymous_1)
FNDA:0,(anonymous_2)
DA:7,0
DA:8,0
DA:10,0
DA:218,0
DA:219,0
DA:220,0
DA:221,0
DA:223,0
DA:227,0
DA:228,0
DA:229,0
DA:231,0
DA:236,0
DA:237,0
DA:238,0
DA:240,0
DA:245,0
DA:246,0
DA:247,0
DA:248,0
DA:250,0
LF:21
LH:0
BRDA:219,0,0,0
BRDA:219,0,1,0
BRDA:237,1,0,0
BRDA:237,1,1,0
BRDA:250,2,0,0
BRDA:250,2,1,0
BRF:6
BRH:0
end_of_record
TN:
SF:models\payment.js
FN:135,(anonymous_0)
FN:146,(anonymous_1)
FN:199,(anonymous_2)
FN:226,(anonymous_3)
FN:234,(anonymous_4)
FNF:5
FNH:0
FNDA:0,(anonymous_0)
FNDA:0,(anonymous_1)
FNDA:0,(anonymous_2)
FNDA:0,(anonymous_3)
FNDA:0,(anonymous_4)
DA:1,0
DA:3,0
DA:123,0
DA:124,0
DA:125,0
DA:127,0
DA:128,0
DA:129,0
DA:130,0
DA:131,0
DA:132,0
DA:135,0
DA:136,0
DA:137,0
DA:138,0
DA:139,0
DA:140,0
DA:142,0
DA:146,0
DA:147,0
DA:149,0
DA:151,0
DA:152,0
DA:153,0
DA:154,0
DA:157,0
DA:182,0
DA:183,0
DA:195,0
DA:199,0
DA:200,0
DA:226,0
DA:234,0
DA:235,0
DA:238,0
DA:241,0
LF:36
LH:0
BRDA:136,0,0,0
BRDA:136,0,1,0
BRDA:136,1,0,0
BRDA:136,1,1,0
BRDA:146,2,0,0
BRDA:151,3,0,0
BRDA:151,3,1,0
BRDA:151,4,0,0
BRDA:151,4,1,0
BRDA:153,5,0,0
BRDA:153,5,1,0
BRDA:154,6,0,0
BRDA:154,6,1,0
BRDA:182,7,0,0
BRDA:182,7,1,0
BRDA:241,8,0,0
BRDA:241,8,1,0
BRF:17
BRH:0
end_of_record
TN:
SF:models\review.js
FN:90,(anonymous_0)
FN:92,(anonymous_1)
FN:94,(anonymous_2)
FN:102,(anonymous_3)
FNF:4
FNH:0
FNDA:0,(anonymous_0)
FNDA:0,(anonymous_1)
FNDA:0,(anonymous_2)
FNDA:0,(anonymous_3)
DA:1,0
DA:3,0
DA:81,0
DA:82,0
DA:83,0
DA:84,0
DA:87,0
DA:90,0
DA:91,0
DA:92,0
DA:93,0
DA:94,0
DA:95,0
DA:98,0
DA:102,0
DA:103,0
DA:122,0
DA:123,0
DA:130,0
DA:131,0
DA:143,0
DA:145,0
LF:22
LH:0
BRDA:91,0,0,0
BRDA:91,0,1,0
BRDA:91,1,0,0
BRDA:91,1,1,0
BRDA:93,2,0,0
BRDA:93,2,1,0
BRDA:122,3,0,0
BRDA:122,3,1,0
BRDA:134,4,0,0
BRDA:134,4,1,0
BRDA:135,5,0,0
BRDA:135,5,1,0
BRDA:136,6,0,0
BRDA:136,6,1,0
BRDA:137,7,0,0
BRDA:137,7,1,0
BRDA:138,8,0,0
BRDA:138,8,1,0
BRF:18
BRH:0
end_of_record
TN:
SF:models\serviceCatalog.js
FNF:0
FNH:0
DA:7,0
DA:9,0
DA:176,0
DA:177,0
DA:178,0
DA:179,0
DA:181,0
LF:7
LH:0
BRDA:181,0,0,0
BRDA:181,0,1,0
BRF:2
BRH:0
end_of_record
TN:
SF:models\shiftSeries.js
FN:124,(anonymous_0)
FN:132,(anonymous_1)
FN:145,(anonymous_2)
FN:152,(anonymous_3)
FN:155,(anonymous_4)
FN:175,(anonymous_5)
FN:185,(anonymous_6)
FN:192,(anonymous_7)
FN:199,(anonymous_8)
FN:207,(anonymous_9)
FNF:10
FNH:0
FNDA:0,(anonymous_0)
FNDA:0,(anonymous_1)
FNDA:0,(anonymous_2)
FNDA:0,(anonymous_3)
FNDA:0,(anonymous_4)
FNDA:0,(anonymous_5)
FNDA:0,(anonymous_6)
FNDA:0,(anonymous_7)
FNDA:0,(anonymous_8)
FNDA:0,(anonymous_9)
DA:1,0
DA:3,0
DA:118,0
DA:119,0
DA:120,0
DA:121,0
DA:124,0
DA:125,0
DA:126,0
DA:130,0
DA:131,0
DA:132,0
DA:133,0
DA:134,0
DA:135,0
DA:136,0
DA:137,0
DA:138,0
DA:140,0
DA:144,0
DA:145,0
DA:148,0
DA:152,0
DA:154,0
DA:155,0
DA:158,0
DA:159,0
DA:163,0
DA:171,0
DA:175,0
DA:176,0
DA:177,0
DA:178,0
DA:181,0
DA:184,0
DA:185,0
DA:186,0
DA:187,0
DA:190,0
DA:191,0
DA:192,0
DA:193,0
DA:194,0
DA:199,0
DA:200,0
DA:203,0
DA:207,0
DA:208,0
DA:209,0
DA:211,0
DA:212,0
DA:215,0
DA:216,0
DA:219,0
DA:221,0
DA:222,0
DA:224,0
DA:239,0
DA:240,0
DA:241,0
DA:244,0
DA:245,0
DA:247,0
DA:250,0
DA:252,0
LF:65
LH:0
BRDA:125,0,0,0
BRDA:125,0,1,0
BRDA:125,1,0,0
BRDA:125,1,1,0
BRDA:130,2,0,0
BRDA:130,2,1,0
BRDA:130,3,0,0
BRDA:130,3,1,0
BRDA:144,4,0,0
BRDA:144,4,1,0
BRDA:158,5,0,0
BRDA:158,5,1,0
BRDA:177,6,0,0
BRDA:177,6,1,0
BRDA:184,7,0,0
BRDA:184,7,1,0
BRDA:186,8,0,0
BRDA:186,8,1,0
BRDA:191,9,0,0
BRDA:191,9,1,0
BRDA:191,10,0,0
BRDA:191,10,1,0
BRDA:193,11,0,0
BRDA:193,11,1,0
BRDA:193,12,0,0
BRDA:193,12,1,0
BRDA:200,13,0,0
BRDA:200,13,1,0
BRDA:211,14,0,0
BRDA:211,14,1,0
BRDA:215,15,0,0
BRDA:215,15,1,0
BRF:32
BRH:0
end_of_record
TN:
SF:models\user.js
FN:253,(anonymous_0)
FN:292,(anonymous_1)
FN:312,(anonymous_2)
FN:342,(anonymous_3)
FN:363,(anonymous_4)
FNF:5
FNH:3
FNDA:4,(anonymous_0)
FNDA:4,(anonymous_1)
FNDA:23,(anonymous_2)
FNDA:0,(anonymous_3)
FNDA:0,(anonymous_4)
DA:1,4
DA:2,4
DA:3,4
DA:5,4
DA:253,4
DA:254,4
DA:257,4
DA:258,4
DA:259,4
DA:260,4
DA:262,4
DA:264,4
DA:265,4
DA:266,4
DA:267,4
DA:268,4
DA:272,4
DA:273,4
DA:274,4
DA:275,4
DA:279,4
DA:280,4
DA:284,4
DA:287,4
DA:288,4
DA:292,4
DA:293,4
DA:295,4
DA:297,4
DA:298,3
DA:299,3
DA:300,3
DA:301,3
DA:302,3
DA:303,3
DA:304,3
DA:305,3
DA:308,4
DA:312,4
DA:313,23
DA:315,23
DA:316,23
DA:317,23
DA:321,23
DA:323,4
DA:324,4
DA:329,19
DA:330,0
DA:331,0
DA:335,19
DA:337,4
DA:342,4
DA:343,0
DA:345,0
DA:346,0
DA:357,0
DA:358,0
DA:363,4
DA:364,0
DA:365,0
DA:367,0
DA:373,4
DA:374,4
DA:375,4
DA:376,4
DA:377,4
DA:379,4
DA:380,4
DA:381,4
DA:382,4
DA:384,4
DA:386,4
LF:72
LH:62
BRDA:257,0,0,4
BRDA:257,0,1,0
BRDA:258,1,0,4
BRDA:258,1,1,0
BRDA:259,2,0,4
BRDA:259,2,1,0
BRDA:260,3,0,3
BRDA:260,3,1,1
BRDA:260,4,0,4
BRDA:260,4,1,4
BRDA:262,5,0,4
BRDA:262,5,1,0
BRDA:264,6,0,4
BRDA:264,6,1,0
BRDA:265,7,0,2
BRDA:265,7,1,2
BRDA:266,8,0,2
BRDA:266,8,1,2
BRDA:267,9,0,2
BRDA:267,9,1,2
BRDA:268,10,0,2
BRDA:268,10,1,2
BRDA:268,11,0,4
BRDA:268,11,1,4
BRDA:272,12,0,4
BRDA:272,12,1,0
BRDA:273,13,0,2
BRDA:273,13,1,2
BRDA:273,14,0,4
BRDA:273,14,1,4
BRDA:274,15,0,2
BRDA:274,15,1,2
BRDA:274,16,0,4
BRDA:274,16,1,4
BRDA:275,17,0,2
BRDA:275,17,1,2
BRDA:275,18,0,4
BRDA:275,18,1,4
BRDA:279,19,0,4
BRDA:279,19,1,0
BRDA:280,20,0,2
BRDA:280,20,1,2
BRDA:280,21,0,4
BRDA:280,21,1,2
BRDA:284,22,0,1
BRDA:284,22,1,3
BRDA:284,23,0,4
BRDA:284,23,1,4
BRDA:284,23,2,4
BRDA:295,24,0,3
BRDA:295,24,1,1
BRDA:295,25,0,4
BRDA:295,25,1,4
BRDA:297,26,0,3
BRDA:297,26,1,1
BRDA:298,27,0,2
BRDA:298,27,1,1
BRDA:298,28,0,3
BRDA:298,28,1,3
BRDA:299,29,0,2
BRDA:299,29,1,1
BRDA:299,30,0,3
BRDA:299,30,1,3
BRDA:300,31,0,2
BRDA:300,31,1,1
BRDA:300,32,0,3
BRDA:300,32,1,3
BRDA:301,33,0,2
BRDA:301,33,1,1
BRDA:301,34,0,3
BRDA:301,34,1,3
BRDA:301,34,2,3
BRDA:302,35,0,2
BRDA:302,35,1,1
BRDA:302,36,0,3
BRDA:302,36,1,3
BRDA:302,36,2,3
BRDA:303,37,0,2
BRDA:303,37,1,1
BRDA:303,38,0,3
BRDA:303,38,1,3
BRDA:303,38,2,3
BRDA:304,39,0,2
BRDA:304,39,1,1
BRDA:304,40,0,3
BRDA:304,40,1,3
BRDA:305,41,0,2
BRDA:305,41,1,1
BRDA:305,42,0,3
BRDA:305,42,1,3
BRDA:305,42,2,3
BRDA:315,43,0,23
BRDA:315,43,1,0
BRDA:321,44,0,4
BRDA:321,44,1,19
BRDA:321,45,0,23
BRDA:321,45,1,4
BRDA:321,45,2,4
BRDA:323,46,0,4
BRDA:323,46,1,0
BRDA:329,47,0,0
BRDA:329,47,1,19
BRDA:329,48,0,19
BRDA:329,48,1,0
BRDA:329,48,2,0
BRDA:330,49,0,0
BRDA:330,49,1,0
BRDA:343,50,0,0
BRDA:343,50,1,0
BRDA:348,51,0,0
BRDA:348,51,1,0
BRDA:352,52,0,0
BRDA:352,52,1,0
BRDA:386,53,0,4
BRDA:386,53,1,4
BRF:115
BRH:95
end_of_record
TN:
SF:routes\achievements.js
FN:13,(anonymous_0)
FN:40,(anonymous_1)
FN:71,(anonymous_2)
FN:102,(anonymous_3)
FN:146,(anonymous_4)
FNF:5
FNH:0
FNDA:0,(anonymous_0)
FNDA:0,(anonymous_1)
FNDA:0,(anonymous_2)
FNDA:0,(anonymous_3)
FNDA:0,(anonymous_4)
DA:1,0
DA:2,0
DA:3,0
DA:4,0
DA:5,0
DA:8,0
DA:13,0
DA:14,0
DA:15,0
DA:27,0
DA:29,0
DA:40,0
DA:41,0
DA:42,0
DA:44,0
DA:45,0
DA:47,0
DA:48,0
DA:49,0
DA:50,0
DA:51,0
DA:55,0
DA:67,0
DA:68,0
DA:71,0
DA:80,0
DA:91,0
DA:102,0
DA:103,0
DA:104,0
DA:109,0
DA:110,0
DA:116,0
DA:117,0
DA:123,0
DA:124,0
DA:125,0
DA:129,0
DA:135,0
DA:146,0
DA:147,0
DA:148,0
DA:150,0
DA:155,0
DA:156,0
DA:163,0
DA:164,0
DA:167,0
DA:172,0
DA:174,0
DA:182,0
DA:190,0
LF:52
LH:0
BRDA:23,0,0,0
BRDA:23,0,1,0
BRDA:42,1,0,0
BRDA:42,2,0,0
BRDA:48,3,0,0
BRDA:48,3,1,0
BRDA:50,4,0,0
BRDA:50,4,1,0
BRDA:68,5,0,0
BRDA:68,5,1,0
BRDA:109,6,0,0
BRDA:109,6,1,0
BRDA:116,7,0,0
BRDA:116,7,1,0
BRDA:155,8,0,0
BRDA:155,8,1,0
BRDA:163,9,0,0
BRDA:163,9,1,0
BRF:18
BRH:0
end_of_record
TN:
SF:routes\analytics.js
FN:14,(anonymous_0)
FN:40,(anonymous_1)
FN:136,(anonymous_2)
FN:161,(anonymous_3)
FN:225,(anonymous_4)
FN:244,(anonymous_5)
FN:245,(anonymous_6)
FN:249,(anonymous_7)
FN:274,(anonymous_8)
FN:293,(anonymous_9)
FN:294,(anonymous_10)
FN:298,(anonymous_11)
FN:301,(anonymous_12)
FN:313,(anonymous_13)
FN:314,(anonymous_14)
FN:320,(anonymous_15)
FN:326,(anonymous_16)
FN:331,(anonymous_17)
FN:333,(anonymous_18)
FN:348,(anonymous_19)
FN:352,(anonymous_20)
FN:365,(anonymous_21)
FN:370,(anonymous_22)
FN:459,(anonymous_23)
FN:461,(anonymous_24)
FN:478,(anonymous_25)
FNF:26
FNH:0
FNDA:0,(anonymous_0)
FNDA:0,(anonymous_1)
FNDA:0,(anonymous_2)
FNDA:0,(anonymous_3)
FNDA:0,(anonymous_4)
FNDA:0,(anonymous_5)
FNDA:0,(anonymous_6)
FNDA:0,(anonymous_7)
FNDA:0,(anonymous_8)
FNDA:0,(anonymous_9)
FNDA:0,(anonymous_10)
FNDA:0,(anonymous_11)
FNDA:0,(anonymous_12)
FNDA:0,(anonymous_13)
FNDA:0,(anonymous_14)
FNDA:0,(anonymous_15)
FNDA:0,(anonymous_16)
FNDA:0,(anonymous_17)
FNDA:0,(anonymous_18)
FNDA:0,(anonymous_19)
FNDA:0,(anonymous_20)
FNDA:0,(anonymous_21)
FNDA:0,(anonymous_22)
FNDA:0,(anonymous_23)
FNDA:0,(anonymous_24)
FNDA:0,(anonymous_25)
DA:1,0
DA:2,0
DA:3,0
DA:4,0
DA:5,0
DA:6,0
DA:7,0
DA:8,0
DA:9,0
DA:14,0
DA:15,0
DA:16,0
DA:18,0
DA:20,0
DA:21,0
DA:24,0
DA:29,0
DA:40,0
DA:41,0
DA:42,0
DA:46,0
DA:47,0
DA:54,0
DA:66,0
DA:74,0
DA:76,0
DA:77,0
DA:83,0
DA:84,0
DA:91,0
DA:92,0
DA:94,0
DA:95,0
DA:103,0
DA:120,0
DA:125,0
DA:136,0
DA:137,0
DA:138,0
DA:140,0
DA:141,0
DA:142,0
DA:145,0
DA:150,0
DA:161,0
DA:162,0
DA:163,0
DA:165,0
DA:166,0
DA:167,0
DA:171,0
DA:221,0
DA:224,0
DA:225,0
DA:226,0
DA:229,0
DA:230,0
DA:231,0
DA:232,0
DA:234,0
DA:243,0
DA:244,0
DA:245,0
DA:247,0
DA:248,0
DA:249,0
DA:251,0
DA:254,0
DA:255,0
DA:257,0
DA:263,0
DA:274,0
DA:275,0
DA:276,0
DA:279,0
DA:286,0
DA:292,0
DA:293,0
DA:294,0
DA:295,0
DA:298,0
DA:299,0
DA:302,0
DA:303,0
DA:309,0
DA:310,0
DA:311,0
DA:313,0
DA:314,0
DA:317,0
DA:318,0
DA:320,0
DA:321,0
DA:322,0
DA:325,0
DA:326,0
DA:327,0
DA:330,0
DA:331,0
DA:333,0
DA:334,0
DA:335,0
DA:336,0
DA:344,0
DA:347,0
DA:348,0
DA:352,0
DA:353,0
DA:354,0
DA:355,0
DA:356,0
DA:360,0
DA:361,0
DA:362,0
DA:363,0
DA:365,0
DA:366,0
DA:367,0
DA:370,0
DA:371,0
DA:372,0
DA:374,0
DA:383,0
DA:387,0
DA:390,0
DA:394,0
DA:396,0
DA:397,0
DA:405,0
DA:406,0
DA:414,0
DA:415,0
DA:424,0
DA:426,0
DA:427,0
DA:436,0
DA:437,0
DA:446,0
DA:447,0
DA:457,0
DA:459,0
DA:461,0
DA:465,0
DA:478,0
DA:506,0
DA:507,0
DA:515,0
LF:147
LH:0
BRDA:18,0,0,0
BRDA:18,0,1,0
BRDA:46,1,0,0
BRDA:46,1,1,0
BRDA:69,2,0,0
BRDA:69,2,1,0
BRDA:74,3,0,0
BRDA:74,3,1,0
BRDA:74,4,0,0
BRDA:74,4,1,0
BRDA:76,5,0,0
BRDA:76,5,1,0
BRDA:83,6,0,0
BRDA:83,6,1,0
BRDA:94,7,0,0
BRDA:94,7,1,0
BRDA:140,8,0,0
BRDA:140,8,1,0
BRDA:166,9,0,0
BRDA:166,9,1,0
BRDA:229,10,0,0
BRDA:229,10,1,0
BRDA:230,11,0,0
BRDA:230,11,1,0
BRDA:231,12,0,0
BRDA:231,12,1,0
BRDA:232,13,0,0
BRDA:232,13,1,0
BRDA:239,14,0,0
BRDA:239,14,1,0
BRDA:245,15,0,0
BRDA:245,15,1,0
BRDA:247,16,0,0
BRDA:247,16,1,0
BRDA:295,17,0,0
BRDA:295,17,1,0
BRDA:298,18,0,0
BRDA:298,18,1,0
BRDA:299,19,0,0
BRDA:299,19,1,0
BRDA:314,20,0,0
BRDA:314,20,1,0
BRDA:322,21,0,0
BRDA:322,21,1,0
BRDA:335,22,0,0
BRDA:335,22,1,0
BRDA:339,23,0,0
BRDA:339,23,1,0
BRDA:340,24,0,0
BRDA:340,24,1,0
BRDA:353,25,0,0
BRDA:353,25,1,0
BRDA:354,26,0,0
BRDA:354,26,1,0
BRDA:355,27,0,0
BRDA:355,27,1,0
BRDA:367,28,0,0
BRDA:367,28,1,0
BRDA:372,29,0,0
BRDA:372,29,1,0
BRDA:383,30,0,0
BRDA:383,30,1,0
BRDA:390,31,0,0
BRDA:390,31,1,0
BRDA:396,32,0,0
BRDA:396,32,1,0
BRDA:405,33,0,0
BRDA:405,33,1,0
BRDA:414,34,0,0
BRDA:414,34,1,0
BRDA:426,35,0,0
BRDA:426,35,1,0
BRDA:436,36,0,0
BRDA:436,36,1,0
BRDA:446,37,0,0
BRDA:446,37,1,0
BRDA:458,38,0,0
BRDA:458,38,1,0
BRF:78
BRH:0
end_of_record
TN:
SF:routes\analyticsOptimized.js
FN:13,(anonymous_0)
FN:39,(anonymous_1)
FN:144,(anonymous_2)
FN:169,(anonymous_3)
FN:233,(anonymous_4)
FN:252,(anonymous_5)
FN:253,(anonymous_6)
FN:257,(anonymous_7)
FN:282,(anonymous_8)
FN:301,(anonymous_9)
FN:302,(anonymous_10)
FN:306,(anonymous_11)
FN:309,(anonymous_12)
FN:321,(anonymous_13)
FN:322,(anonymous_14)
FN:328,(anonymous_15)
FN:334,(anonymous_16)
FN:339,(anonymous_17)
FN:341,(anonymous_18)
FN:356,(anonymous_19)
FN:360,(anonymous_20)
FN:373,(anonymous_21)
FN:378,(anonymous_22)
FN:467,(anonymous_23)
FN:469,(anonymous_24)
FN:486,(anonymous_25)
FNF:26
FNH:0
FNDA:0,(anonymous_0)
FNDA:0,(anonymous_1)
FNDA:0,(anonymous_2)
FNDA:0,(anonymous_3)
FNDA:0,(anonymous_4)
FNDA:0,(anonymous_5)
FNDA:0,(anonymous_6)
FNDA:0,(anonymous_7)
FNDA:0,(anonymous_8)
FNDA:0,(anonymous_9)
FNDA:0,(anonymous_10)
FNDA:0,(anonymous_11)
FNDA:0,(anonymous_12)
FNDA:0,(anonymous_13)
FNDA:0,(anonymous_14)
FNDA:0,(anonymous_15)
FNDA:0,(anonymous_16)
FNDA:0,(anonymous_17)
FNDA:0,(anonymous_18)
FNDA:0,(anonymous_19)
FNDA:0,(anonymous_20)
FNDA:0,(anonymous_21)
FNDA:0,(anonymous_22)
FNDA:0,(anonymous_23)
FNDA:0,(anonymous_24)
FNDA:0,(anonymous_25)
DA:1,0
DA:2,0
DA:3,0
DA:4,0
DA:5,0
DA:6,0
DA:7,0
DA:8,0
DA:13,0
DA:14,0
DA:15,0
DA:17,0
DA:19,0
DA:20,0
DA:23,0
DA:28,0
DA:39,0
DA:40,0
DA:41,0
DA:45,0
DA:46,0
DA:53,0
DA:72,0
DA:74,0
DA:82,0
DA:84,0
DA:85,0
DA:91,0
DA:92,0
DA:99,0
DA:100,0
DA:102,0
DA:103,0
DA:111,0
DA:128,0
DA:133,0
DA:144,0
DA:145,0
DA:146,0
DA:148,0
DA:149,0
DA:150,0
DA:153,0
DA:158,0
DA:169,0
DA:170,0
DA:171,0
DA:173,0
DA:174,0
DA:175,0
DA:179,0
DA:229,0
DA:232,0
DA:233,0
DA:234,0
DA:237,0
DA:238,0
DA:239,0
DA:240,0
DA:242,0
DA:251,0
DA:252,0
DA:253,0
DA:255,0
DA:256,0
DA:257,0
DA:259,0
DA:262,0
DA:263,0
DA:265,0
DA:271,0
DA:282,0
DA:283,0
DA:284,0
DA:287,0
DA:294,0
DA:300,0
DA:301,0
DA:302,0
DA:303,0
DA:306,0
DA:307,0
DA:310,0
DA:311,0
DA:317,0
DA:318,0
DA:319,0
DA:321,0
DA:322,0
DA:325,0
DA:326,0
DA:328,0
DA:329,0
DA:330,0
DA:333,0
DA:334,0
DA:335,0
DA:338,0
DA:339,0
DA:341,0
DA:342,0
DA:343,0
DA:344,0
DA:352,0
DA:355,0
DA:356,0
DA:360,0
DA:361,0
DA:362,0
DA:363,0
DA:364,0
DA:368,0
DA:369,0
DA:370,0
DA:371,0
DA:373,0
DA:374,0
DA:375,0
DA:378,0
DA:379,0
DA:380,0
DA:382,0
DA:391,0
DA:395,0
DA:398,0
DA:402,0
DA:404,0
DA:405,0
DA:413,0
DA:414,0
DA:422,0
DA:423,0
DA:432,0
DA:434,0
DA:435,0
DA:444,0
DA:445,0
DA:454,0
DA:455,0
DA:465,0
DA:467,0
DA:469,0
DA:473,0
DA:486,0
DA:514,0
DA:515,0
DA:523,0
LF:147
LH:0
BRDA:17,0,0,0
BRDA:17,0,1,0
BRDA:45,1,0,0
BRDA:45,1,1,0
BRDA:77,2,0,0
BRDA:77,2,1,0
BRDA:82,3,0,0
BRDA:82,3,1,0
BRDA:82,4,0,0
BRDA:82,4,1,0
BRDA:84,5,0,0
BRDA:84,5,1,0
BRDA:91,6,0,0
BRDA:91,6,1,0
BRDA:102,7,0,0
BRDA:102,7,1,0
BRDA:148,8,0,0
BRDA:148,8,1,0
BRDA:174,9,0,0
BRDA:174,9,1,0
BRDA:237,10,0,0
BRDA:237,10,1,0
BRDA:238,11,0,0
BRDA:238,11,1,0
BRDA:239,12,0,0
BRDA:239,12,1,0
BRDA:240,13,0,0
BRDA:240,13,1,0
BRDA:247,14,0,0
BRDA:247,14,1,0
BRDA:253,15,0,0
BRDA:253,15,1,0
BRDA:255,16,0,0
BRDA:255,16,1,0
BRDA:303,17,0,0
BRDA:303,17,1,0
BRDA:306,18,0,0
BRDA:306,18,1,0
BRDA:307,19,0,0
BRDA:307,19,1,0
BRDA:322,20,0,0
BRDA:322,20,1,0
BRDA:330,21,0,0
BRDA:330,21,1,0
BRDA:343,22,0,0
BRDA:343,22,1,0
BRDA:347,23,0,0
BRDA:347,23,1,0
BRDA:348,24,0,0
BRDA:348,24,1,0
BRDA:361,25,0,0
BRDA:361,25,1,0
BRDA:362,26,0,0
BRDA:362,26,1,0
BRDA:363,27,0,0
BRDA:363,27,1,0
BRDA:375,28,0,0
BRDA:375,28,1,0
BRDA:380,29,0,0
BRDA:380,29,1,0
BRDA:391,30,0,0
BRDA:391,30,1,0
BRDA:398,31,0,0
BRDA:398,31,1,0
BRDA:404,32,0,0
BRDA:404,32,1,0
BRDA:413,33,0,0
BRDA:413,33,1,0
BRDA:422,34,0,0
BRDA:422,34,1,0
BRDA:434,35,0,0
BRDA:434,35,1,0
BRDA:444,36,0,0
BRDA:444,36,1,0
BRDA:454,37,0,0
BRDA:454,37,1,0
BRDA:466,38,0,0
BRDA:466,38,1,0
BRF:78
BRH:0
end_of_record
TN:
SF:routes\applications.js
FNF:0
FNH:0
DA:1,0
DA:2,0
DA:9,0
DA:10,0
DA:18,0
DA:20,0
DA:24,0
DA:26,0
DA:30,0
LF:9
LH:0
BRF:0
BRH:0
end_of_record
TN:
SF:routes\auth.js
FNF:0
FNH:0
DA:1,0
DA:2,0
DA:8,0
DA:9,0
DA:21,0
DA:24,0
DA:25,0
DA:26,0
DA:27,0
DA:29,0
LF:10
LH:0
BRF:0
BRH:0
end_of_record
TN:
SF:routes\booking.js
FNF:0
FNH:0
DA:8,0
DA:9,0
DA:10,0
DA:11,0
DA:12,0
DA:13,0
DA:14,0
DA:15,0
DA:31,0
DA:34,0
DA:105,0
DA:113,0
DA:126,0
DA:147,0
DA:160,0
DA:169,0
DA:178,0
DA:181,0
DA:188,0
DA:195,0
DA:203,0
DA:212,0
DA:220,0
DA:228,0
DA:236,0
DA:246,0
DA:255,0
DA:264,0
DA:271,0
DA:280,0
DA:289,0
DA:296,0
LF:32
LH:0
BRF:0
BRH:0
end_of_record
TN:
SF:routes\calendar.js
FN:11,(anonymous_0)
FN:46,(anonymous_1)
FN:80,(anonymous_2)
FN:146,(anonymous_3)
FN:169,(anonymous_4)
FN:196,(anonymous_5)
FN:230,(anonymous_6)
FN:260,(anonymous_7)
FNF:8
FNH:0
FNDA:0,(anonymous_0)
FNDA:0,(anonymous_1)
FNDA:0,(anonymous_2)
FNDA:0,(anonymous_3)
FNDA:0,(anonymous_4)
FNDA:0,(anonymous_5)
FNDA:0,(anonymous_6)
FNDA:0,(anonymous_7)
DA:1,0
DA:2,0
DA:3,0
DA:4,0
DA:5,0
DA:6,0
DA:11,0
DA:12,0
DA:13,0
DA:15,0
DA:17,0
DA:18,0
DA:19,0
DA:22,0
DA:23,0
DA:26,0
DA:30,0
DA:35,0
DA:46,0
DA:47,0
DA:48,0
DA:53,0
DA:56,0
DA:59,0
DA:61,0
DA:63,0
DA:69,0
DA:80,0
DA:81,0
DA:82,0
DA:84,0
DA:85,0
DA:86,0
DA:93,0
DA:105,0
DA:106,0
DA:109,0
DA:114,0
DA:115,0
DA:116,0
DA:117,0
DA:124,0
DA:135,0
DA:146,0
DA:147,0
DA:148,0
DA:153,0
DA:158,0
DA:169,0
DA:170,0
DA:171,0
DA:176,0
DA:177,0
DA:179,0
DA:185,0
DA:196,0
DA:197,0
DA:198,0
DA:203,0
DA:204,0
DA:210,0
DA:211,0
DA:213,0
DA:219,0
DA:230,0
DA:231,0
DA:232,0
DA:237,0
DA:238,0
DA:244,0
DA:249,0
DA:260,0
DA:261,0
DA:262,0
DA:264,0
DA:265,0
DA:271,0
DA:277,0
DA:283,0
DA:291,0
LF:80
LH:0
BRDA:17,0,0,0
BRDA:17,0,1,0
BRDA:17,1,0,0
BRDA:17,1,1,0
BRDA:22,2,0,0
BRDA:22,2,1,0
BRDA:85,3,0,0
BRDA:85,3,1,0
BRDA:116,4,0,0
BRDA:116,4,1,0
BRDA:119,5,0,0
BRDA:119,5,1,0
BRDA:127,6,0,0
BRDA:127,6,1,0
BRDA:131,7,0,0
BRDA:131,7,1,0
BRDA:203,8,0,0
BRDA:203,8,1,0
BRDA:237,9,0,0
BRDA:237,9,1,0
BRDA:264,10,0,0
BRDA:264,10,1,0
BRF:22
BRH:0
end_of_record
TN:
SF:routes\certifications.js
FN:13,(anonymous_0)
FN:37,(anonymous_1)
FN:42,(anonymous_2)
FN:60,(anonymous_3)
FN:87,(anonymous_4)
FN:121,(anonymous_5)
FN:151,(anonymous_6)
FNF:7
FNH:0
FNDA:0,(anonymous_0)
FNDA:0,(anonymous_1)
FNDA:0,(anonymous_2)
FNDA:0,(anonymous_3)
FNDA:0,(anonymous_4)
FNDA:0,(anonymous_5)
FNDA:0,(anonymous_6)
DA:1,0
DA:2,0
DA:3,0
DA:4,0
DA:5,0
DA:8,0
DA:13,0
DA:14,0
DA:15,0
DA:24,0
DA:26,0
DA:37,0
DA:38,0
DA:39,0
DA:41,0
DA:42,0
DA:44,0
DA:49,0
DA:60,0
DA:61,0
DA:62,0
DA:67,0
DA:68,0
DA:70,0
DA:76,0
DA:87,0
DA:88,0
DA:89,0
DA:94,0
DA:95,0
DA:101,0
DA:102,0
DA:104,0
DA:110,0
DA:121,0
DA:122,0
DA:123,0
DA:128,0
DA:129,0
DA:135,0
DA:140,0
DA:151,0
DA:152,0
DA:153,0
DA:155,0
DA:156,0
DA:157,0
DA:163,0
DA:164,0
DA:165,0
DA:167,0
DA:169,0
DA:175,0
DA:183,0
LF:54
LH:0
BRDA:20,0,0,0
BRDA:20,0,1,0
BRDA:39,1,0,0
BRDA:94,2,0,0
BRDA:94,2,1,0
BRDA:128,3,0,0
BRDA:128,3,1,0
BRDA:156,4,0,0
BRDA:156,4,1,0
BRF:9
BRH:0
end_of_record
TN:
SF:routes\duties-paginated-example.js
FN:34,(anonymous_0)
FN:80,(anonymous_1)
FN:105,(anonymous_2)
FN:142,(anonymous_3)
FN:173,(anonymous_4)
FNF:5
FNH:0
FNDA:0,(anonymous_0)
FNDA:0,(anonymous_1)
FNDA:0,(anonymous_2)
FNDA:0,(anonymous_3)
FNDA:0,(anonymous_4)
DA:8,0
DA:9,0
DA:10,0
DA:16,0
DA:19,0
DA:34,0
DA:35,0
DA:37,0
DA:39,0
DA:40,0
DA:43,0
DA:44,0
DA:47,0
DA:48,0
DA:49,0
DA:56,0
DA:66,0
DA:68,0
DA:80,0
DA:81,0
DA:82,0
DA:91,0
DA:93,0
DA:105,0
DA:106,0
DA:108,0
DA:114,0
DA:115,0
DA:119,0
DA:120,0
DA:123,0
DA:128,0
DA:130,0
DA:142,0
DA:143,0
DA:144,0
DA:159,0
DA:161,0
DA:173,0
DA:174,0
DA:175,0
DA:179,0
DA:180,0
DA:186,0
DA:191,0
DA:199,0
LF:46
LH:0
BRDA:39,0,0,0
BRDA:39,0,1,0
BRDA:43,1,0,0
BRDA:43,1,1,0
BRDA:47,2,0,0
BRDA:47,2,1,0
BRDA:60,3,0,0
BRDA:60,3,1,0
BRDA:114,4,0,0
BRDA:114,4,1,0
BRDA:119,5,0,0
BRDA:119,5,1,0
BRDA:179,6,0,0
BRDA:179,6,1,0
BRF:14
BRH:0
end_of_record
TN:
SF:routes\duties.js
FNF:0
FNH:0
DA:1,0
DA:2,0
DA:9,0
DA:10,0
DA:11,0
DA:20,0
DA:23,0
DA:28,0
DA:33,0
LF:9
LH:0
BRF:0
BRH:0
end_of_record
TN:
SF:routes\earnings.js
FN:14,(anonymous_0)
FN:53,(anonymous_1)
FN:146,(anonymous_2)
FN:172,(anonymous_3)
FN:215,(anonymous_4)
FN:253,(anonymous_5)
FN:350,(anonymous_6)
FNF:7
FNH:0
FNDA:0,(anonymous_0)
FNDA:0,(anonymous_1)
FNDA:0,(anonymous_2)
FNDA:0,(anonymous_3)
FNDA:0,(anonymous_4)
FNDA:0,(anonymous_5)
FNDA:0,(anonymous_6)
DA:1,0
DA:2,0
DA:3,0
DA:4,0
DA:5,0
DA:6,0
DA:9,0
DA:14,0
DA:15,0
DA:16,0
DA:18,0
DA:20,0
DA:21,0
DA:22,0
DA:23,0
DA:26,0
DA:27,0
DA:30,0
DA:40,0
DA:42,0
DA:53,0
DA:54,0
DA:55,0
DA:56,0
DA:57,0
DA:60,0
DA:67,0
DA:68,0
DA:69,0
DA:70,0
DA:71,0
DA:74,0
DA:81,0
DA:86,0
DA:87,0
DA:90,0
DA:95,0
DA:101,0
DA:107,0
DA:135,0
DA:146,0
DA:147,0
DA:148,0
DA:151,0
DA:153,0
DA:155,0
DA:161,0
DA:172,0
DA:173,0
DA:174,0
DA:176,0
DA:177,0
DA:178,0
DA:184,0
DA:185,0
DA:186,0
DA:189,0
DA:190,0
DA:196,0
DA:198,0
DA:204,0
DA:215,0
DA:216,0
DA:217,0
DA:219,0
DA:224,0
DA:225,0
DA:231,0
DA:232,0
DA:234,0
DA:236,0
DA:242,0
DA:253,0
DA:254,0
DA:255,0
DA:256,0
DA:258,0
DA:259,0
DA:266,0
DA:293,0
DA:308,0
DA:309,0
DA:312,0
DA:313,0
DA:314,0
DA:317,0
DA:319,0
DA:339,0
DA:350,0
DA:351,0
DA:352,0
DA:355,0
DA:356,0
DA:357,0
DA:358,0
DA:360,0
DA:367,0
DA:374,0
DA:375,0
DA:377,0
DA:378,0
DA:379,0
DA:380,0
DA:382,0
DA:383,0
DA:386,0
DA:388,0
DA:406,0
DA:414,0
LF:109
LH:0
BRDA:20,0,0,0
BRDA:20,0,1,0
BRDA:20,1,0,0
BRDA:20,1,1,0
BRDA:26,2,0,0
BRDA:26,2,1,0
BRDA:35,3,0,0
BRDA:35,3,1,0
BRDA:69,4,0,0
BRDA:69,4,1,0
BRDA:81,5,0,0
BRDA:81,5,1,0
BRDA:86,6,0,0
BRDA:86,6,1,0
BRDA:90,7,0,0
BRDA:90,7,1,0
BRDA:177,8,0,0
BRDA:177,8,1,0
BRDA:185,9,0,0
BRDA:185,9,1,0
BRDA:186,10,0,0
BRDA:186,10,1,0
BRDA:189,11,0,0
BRDA:189,11,1,0
BRDA:224,12,0,0
BRDA:224,12,1,0
BRDA:258,13,0,0
BRDA:258,13,1,0
BRDA:308,14,0,0
BRDA:308,14,1,0
BRDA:309,15,0,0
BRDA:309,15,1,0
BRDA:313,16,0,0
BRDA:313,16,1,0
BRDA:314,17,0,0
BRDA:314,17,1,0
BRDA:327,18,0,0
BRDA:327,18,1,0
BRDA:332,19,0,0
BRDA:332,19,1,0
BRDA:401,20,0,0
BRDA:401,20,1,0
BRF:42
BRH:0
end_of_record
TN:
SF:routes\hospitalSettings.js
FN:7,(anonymous_0)
FN:18,(anonymous_1)
FN:57,(anonymous_2)
FN:65,(anonymous_3)
FN:94,(anonymous_4)
FN:99,(anonymous_5)
FNF:6
FNH:0
FNDA:0,(anonymous_0)
FNDA:0,(anonymous_1)
FNDA:0,(anonymous_2)
FNDA:0,(anonymous_3)
FNDA:0,(anonymous_4)
FNDA:0,(anonymous_5)
DA:1,0
DA:2,0
DA:3,0
DA:4,0
DA:7,0
DA:8,0
DA:9,0
DA:10,0
DA:12,0
DA:13,0
DA:18,0
DA:19,0
DA:20,0
DA:23,0
DA:24,0
DA:27,0
DA:28,0
DA:31,0
DA:32,0
DA:35,0
DA:36,0
DA:39,0
DA:40,0
DA:43,0
DA:45,0
DA:51,0
DA:52,0
DA:57,0
DA:58,0
DA:59,0
DA:61,0
DA:64,0
DA:65,0
DA:68,0
DA:69,0
DA:75,0
DA:80,0
DA:82,0
DA:88,0
DA:89,0
DA:94,0
DA:95,0
DA:96,0
DA:98,0
DA:99,0
DA:102,0
DA:104,0
DA:110,0
DA:111,0
DA:115,0
LF:50
LH:0
BRDA:23,0,0,0
BRDA:23,0,1,0
BRDA:27,1,0,0
BRDA:27,1,1,0
BRDA:31,2,0,0
BRDA:31,2,1,0
BRDA:35,3,0,0
BRDA:35,3,1,0
BRDA:39,4,0,0
BRDA:39,4,1,0
BRDA:68,5,0,0
BRDA:68,5,1,0
BRDA:77,6,0,0
BRDA:77,6,1,0
BRF:14
BRH:0
end_of_record
TN:
SF:routes\messaging.js
FN:13,(anonymous_0)
FN:29,(anonymous_1)
FN:51,(anonymous_2)
FN:103,(anonymous_3)
FN:160,(anonymous_4)
FN:187,(anonymous_5)
FNF:6
FNH:0
FNDA:0,(anonymous_0)
FNDA:0,(anonymous_1)
FNDA:0,(anonymous_2)
FNDA:0,(anonymous_3)
FNDA:0,(anonymous_4)
FNDA:0,(anonymous_5)
DA:1,0
DA:2,0
DA:3,0
DA:4,0
DA:5,0
DA:8,0
DA:13,0
DA:14,0
DA:15,0
DA:29,0
DA:34,0
DA:40,0
DA:51,0
DA:52,0
DA:53,0
DA:58,0
DA:59,0
DA:66,0
DA:67,0
DA:68,0
DA:71,0
DA:83,0
DA:84,0
DA:86,0
DA:92,0
DA:103,0
DA:104,0
DA:105,0
DA:108,0
DA:112,0
DA:113,0
DA:117,0
DA:121,0
DA:131,0
DA:134,0
DA:135,0
DA:136,0
DA:138,0
DA:141,0
DA:143,0
DA:149,0
DA:160,0
DA:161,0
DA:162,0
DA:171,0
DA:176,0
DA:187,0
DA:188,0
DA:189,0
DA:194,0
DA:199,0
DA:207,0
LF:52
LH:0
BRDA:23,0,0,0
BRDA:23,0,1,0
BRDA:58,1,0,0
BRDA:58,1,1,0
BRDA:67,2,0,0
BRDA:67,2,1,0
BRDA:75,3,0,0
BRDA:75,3,1,0
BRDA:112,4,0,0
BRDA:112,4,1,0
BRDA:115,5,0,0
BRDA:115,5,1,0
BRDA:126,6,0,0
BRDA:126,6,1,0
BRDA:128,7,0,0
BRDA:128,7,1,0
BRF:16
BRH:0
end_of_record
TN:
SF:routes\notifications.js
FN:7,(anonymous_0)
FN:48,(anonymous_1)
FN:63,(anonymous_2)
FN:88,(anonymous_3)
FN:103,(anonymous_4)
FN:125,(anonymous_5)
FN:143,(anonymous_6)
FNF:7
FNH:0
FNDA:0,(anonymous_0)
FNDA:0,(anonymous_1)
FNDA:0,(anonymous_2)
FNDA:0,(anonymous_3)
FNDA:0,(anonymous_4)
FNDA:0,(anonymous_5)
FNDA:0,(anonymous_6)
DA:1,0
DA:2,0
DA:3,0
DA:4,0
DA:7,0
DA:8,0
DA:9,0
DA:10,0
DA:12,0
DA:13,0
DA:14,0
DA:17,0
DA:25,0
DA:26,0
DA:28,0
DA:42,0
DA:43,0
DA:48,0
DA:49,0
DA:50,0
DA:52,0
DA:57,0
DA:58,0
DA:63,0
DA:64,0
DA:65,0
DA:70,0
DA:71,0
DA:74,0
DA:76,0
DA:82,0
DA:83,0
DA:88,0
DA:89,0
DA:90,0
DA:92,0
DA:97,0
DA:98,0
DA:103,0
DA:104,0
DA:105,0
DA:110,0
DA:111,0
DA:114,0
DA:119,0
DA:120,0
DA:125,0
DA:126,0
DA:127,0
DA:132,0
DA:137,0
DA:138,0
DA:143,0
DA:144,0
DA:145,0
DA:147,0
DA:158,0
DA:164,0
DA:165,0
DA:169,0
LF:60
LH:0
BRDA:9,0,0,0
BRDA:9,1,0,0
BRDA:9,2,0,0
BRDA:13,3,0,0
BRDA:13,3,1,0
BRDA:70,4,0,0
BRDA:70,4,1,0
BRDA:110,5,0,0
BRDA:110,5,1,0
BRDA:148,6,0,0
BRDA:148,6,1,0
BRDA:154,7,0,0
BRDA:154,7,1,0
BRDA:155,8,0,0
BRDA:155,8,1,0
BRF:15
BRH:0
end_of_record
TN:
SF:routes\patient.js
FNF:0
FNH:0
DA:8,0
DA:9,0
DA:10,0
DA:11,0
DA:12,0
DA:25,0
DA:28,0
DA:57,0
DA:70,0
DA:104,0
DA:110,0
DA:117,0
DA:118,0
DA:121,0
DA:124,0
DA:128,0
DA:129,0
DA:132,0
DA:135,0
DA:140,0
DA:147,0
DA:149,0
LF:22
LH:0
BRF:0
BRH:0
end_of_record
TN:
SF:routes\payment.js
FNF:0
FNH:0
DA:7,0
DA:8,0
DA:9,0
DA:10,0
DA:11,0
DA:12,0
DA:19,0
DA:36,0
DA:56,0
DA:73,0
DA:79,0
LF:11
LH:0
BRF:0
BRH:0
end_of_record
TN:
SF:routes\payments.js
FN:18,(anonymous_0)
FN:39,(anonymous_1)
FN:59,(anonymous_2)
FN:102,(anonymous_3)
FN:132,(anonymous_4)
FN:213,(anonymous_5)
FN:265,(anonymous_6)
FNF:7
FNH:0
FNDA:0,(anonymous_0)
FNDA:0,(anonymous_1)
FNDA:0,(anonymous_2)
FNDA:0,(anonymous_3)
FNDA:0,(anonymous_4)
FNDA:0,(anonymous_5)
FNDA:0,(anonymous_6)
DA:1,0
DA:2,0
DA:3,0
DA:9,0
DA:10,0
DA:11,0
DA:12,0
DA:15,0
DA:18,0
DA:19,0
DA:20,0
DA:21,0
DA:24,0
DA:26,0
DA:28,0
DA:33,0
DA:34,0
DA:39,0
DA:40,0
DA:41,0
DA:42,0
DA:45,0
DA:46,0
DA:48,0
DA:53,0
DA:54,0
DA:59,0
DA:60,0
DA:61,0
DA:62,0
DA:64,0
DA:68,0
DA:69,0
DA:72,0
DA:81,0
DA:83,0
DA:96,0
DA:97,0
DA:102,0
DA:103,0
DA:104,0
DA:109,0
DA:110,0
DA:114,0
DA:115,0
DA:117,0
DA:118,0
DA:121,0
DA:126,0
DA:127,0
DA:132,0
DA:133,0
DA:134,0
DA:135,0
DA:138,0
DA:141,0
DA:142,0
DA:143,0
DA:146,0
DA:147,0
DA:151,0
DA:152,0
DA:153,0
DA:157,0
DA:158,0
DA:159,0
DA:163,0
DA:164,0
DA:165,0
DA:166,0
DA:169,0
DA:170,0
DA:171,0
DA:172,0
DA:173,0
DA:174,0
DA:175,0
DA:177,0
DA:181,0
DA:198,0
DA:199,0
DA:201,0
DA:207,0
DA:208,0
DA:213,0
DA:214,0
DA:215,0
DA:216,0
DA:219,0
DA:221,0
DA:222,0
DA:223,0
DA:226,0
DA:227,0
DA:230,0
DA:231,0
DA:232,0
DA:233,0
DA:235,0
DA:236,0
DA:237,0
DA:238,0
DA:241,0
DA:242,0
DA:243,0
DA:244,0
DA:245,0
DA:249,0
DA:253,0
DA:259,0
DA:260,0
DA:265,0
DA:266,0
DA:267,0
DA:268,0
DA:271,0
DA:280,0
DA:285,0
DA:286,0
DA:290,0
LF:120
LH:0
BRDA:20,0,0,0
BRDA:20,0,1,0
BRDA:41,1,0,0
BRDA:41,1,1,0
BRDA:61,2,0,0
BRDA:61,3,0,0
BRDA:64,4,0,0
BRDA:64,4,1,0
BRDA:68,5,0,0
BRDA:68,5,1,0
BRDA:109,6,0,0
BRDA:109,6,1,0
BRDA:114,7,0,0
BRDA:114,7,1,0
BRDA:114,8,0,0
BRDA:114,8,1,0
BRDA:117,9,0,0
BRDA:117,9,1,0
BRDA:117,10,0,0
BRDA:117,10,1,0
BRDA:117,10,2,0
BRDA:134,11,0,0
BRDA:134,11,1,0
BRDA:134,12,0,0
BRDA:134,12,1,0
BRDA:142,13,0,0
BRDA:142,13,1,0
BRDA:146,14,0,0
BRDA:146,14,1,0
BRDA:152,15,0,0
BRDA:152,15,1,0
BRDA:152,16,0,0
BRDA:152,16,1,0
BRDA:158,17,0,0
BRDA:158,17,1,0
BRDA:163,18,0,0
BRDA:163,18,1,0
BRDA:164,19,0,0
BRDA:164,19,1,0
BRDA:170,20,0,0
BRDA:170,20,1,0
BRDA:172,21,0,0
BRDA:172,21,1,0
BRDA:174,22,0,0
BRDA:174,22,1,0
BRDA:194,23,0,0
BRDA:194,23,1,0
BRDA:215,24,0,0
BRDA:215,24,1,0
BRDA:215,25,0,0
BRDA:215,25,1,0
BRDA:222,26,0,0
BRDA:222,26,1,0
BRDA:226,27,0,0
BRDA:226,27,1,0
BRDA:231,28,0,0
BRDA:231,28,1,0
BRDA:232,29,0,0
BRDA:232,29,1,0
BRDA:233,30,0,0
BRDA:233,30,1,0
BRDA:235,31,0,0
BRDA:235,31,1,0
BRDA:242,32,0,0
BRDA:242,32,1,0
BRDA:267,33,0,0
BRDA:267,33,1,0
BRDA:267,34,0,0
BRDA:267,34,1,0
BRF:69
BRH:0
end_of_record
TN:
SF:routes\reviews.js
FN:13,(anonymous_0)
FN:49,(anonymous_1)
FN:81,(anonymous_2)
FN:115,(anonymous_3)
FN:155,(anonymous_4)
FNF:5
FNH:0
FNDA:0,(anonymous_0)
FNDA:0,(anonymous_1)
FNDA:0,(anonymous_2)
FNDA:0,(anonymous_3)
FNDA:0,(anonymous_4)
DA:1,0
DA:2,0
DA:3,0
DA:4,0
DA:5,0
DA:8,0
DA:13,0
DA:14,0
DA:15,0
DA:29,0
DA:31,0
DA:38,0
DA:49,0
DA:50,0
DA:51,0
DA:61,0
DA:63,0
DA:70,0
DA:81,0
DA:82,0
DA:83,0
DA:88,0
DA:89,0
DA:92,0
DA:93,0
DA:94,0
DA:98,0
DA:104,0
DA:115,0
DA:116,0
DA:117,0
DA:119,0
DA:124,0
DA:125,0
DA:131,0
DA:136,0
DA:138,0
DA:144,0
DA:155,0
DA:156,0
DA:157,0
DA:158,0
DA:159,0
DA:166,0
DA:167,0
DA:173,0
DA:174,0
DA:175,0
DA:177,0
DA:183,0
DA:191,0
LF:51
LH:0
BRDA:23,0,0,0
BRDA:23,0,1,0
BRDA:56,1,0,0
BRDA:56,1,1,0
BRDA:124,2,0,0
BRDA:124,2,1,0
BRDA:158,3,0,0
BRDA:158,3,1,0
BRDA:166,4,0,0
BRDA:166,4,1,0
BRF:10
BRH:0
end_of_record
TN:
SF:routes\security.js
FN:17,(anonymous_0)
FN:39,(anonymous_1)
FN:63,(anonymous_2)
FN:93,(anonymous_3)
FN:122,(anonymous_4)
FN:151,(anonymous_5)
FN:173,(anonymous_6)
FN:208,(anonymous_7)
FN:230,(anonymous_8)
FN:252,(anonymous_9)
FN:282,(anonymous_10)
FN:305,(anonymous_11)
FN:337,(anonymous_12)
FNF:13
FNH:0
FNDA:0,(anonymous_0)
FNDA:0,(anonymous_1)
FNDA:0,(anonymous_2)
FNDA:0,(anonymous_3)
FNDA:0,(anonymous_4)
FNDA:0,(anonymous_5)
FNDA:0,(anonymous_6)
FNDA:0,(anonymous_7)
FNDA:0,(anonymous_8)
FNDA:0,(anonymous_9)
FNDA:0,(anonymous_10)
FNDA:0,(anonymous_11)
FNDA:0,(anonymous_12)
DA:6,0
DA:7,0
DA:8,0
DA:9,0
DA:10,0
DA:17,0
DA:18,0
DA:19,0
DA:21,0
DA:26,0
DA:27,0
DA:39,0
DA:40,0
DA:41,0
DA:43,0
DA:45,0
DA:50,0
DA:51,0
DA:63,0
DA:64,0
DA:65,0
DA:67,0
DA:74,0
DA:80,0
DA:81,0
DA:93,0
DA:94,0
DA:95,0
DA:97,0
DA:98,0
DA:104,0
DA:109,0
DA:110,0
DA:122,0
DA:123,0
DA:124,0
DA:126,0
DA:132,0
DA:138,0
DA:139,0
DA:151,0
DA:152,0
DA:153,0
DA:155,0
DA:160,0
DA:161,0
DA:173,0
DA:174,0
DA:175,0
DA:177,0
DA:178,0
DA:184,0
DA:190,0
DA:195,0
DA:196,0
DA:208,0
DA:209,0
DA:210,0
DA:212,0
DA:217,0
DA:218,0
DA:230,0
DA:231,0
DA:232,0
DA:234,0
DA:239,0
DA:240,0
DA:252,0
DA:253,0
DA:254,0
DA:256,0
DA:263,0
DA:269,0
DA:270,0
DA:282,0
DA:283,0
DA:284,0
DA:285,0
DA:287,0
DA:292,0
DA:293,0
DA:305,0
DA:306,0
DA:307,0
DA:309,0
DA:310,0
DA:316,0
DA:317,0
DA:319,0
DA:324,0
DA:325,0
DA:337,0
DA:338,0
DA:339,0
DA:341,0
DA:346,0
DA:347,0
DA:354,0
LF:98
LH:0
BRDA:41,0,0,0
BRDA:65,1,0,0
BRDA:65,2,0,0
BRDA:97,3,0,0
BRDA:97,3,1,0
BRDA:177,4,0,0
BRDA:177,4,1,0
BRDA:254,5,0,0
BRDA:254,6,0,0
BRDA:309,7,0,0
BRDA:309,7,1,0
BRDA:321,8,0,0
BRDA:321,8,1,0
BRF:13
BRH:0
end_of_record
TN:
SF:routes\shiftSeries.js
FN:13,(anonymous_0)
FN:46,(anonymous_1)
FN:75,(anonymous_2)
FN:102,(anonymous_3)
FN:146,(anonymous_4)
FN:184,(anonymous_5)
FN:204,(anonymous_6)
FNF:7
FNH:0
FNDA:0,(anonymous_0)
FNDA:0,(anonymous_1)
FNDA:0,(anonymous_2)
FNDA:0,(anonymous_3)
FNDA:0,(anonymous_4)
FNDA:0,(anonymous_5)
FNDA:0,(anonymous_6)
DA:1,0
DA:2,0
DA:3,0
DA:4,0
DA:5,0
DA:8,0
DA:13,0
DA:14,0
DA:15,0
DA:17,0
DA:19,0
DA:20,0
DA:23,0
DA:33,0
DA:35,0
DA:46,0
DA:47,0
DA:48,0
DA:52,0
DA:53,0
DA:59,0
DA:64,0
DA:75,0
DA:76,0
DA:77,0
DA:82,0
DA:83,0
DA:85,0
DA:91,0
DA:102,0
DA:103,0
DA:104,0
DA:106,0
DA:107,0
DA:108,0
DA:114,0
DA:115,0
DA:121,0
DA:122,0
DA:128,0
DA:130,0
DA:136,0
DA:146,0
DA:147,0
DA:148,0
DA:150,0
DA:151,0
DA:152,0
DA:158,0
DA:159,0
DA:160,0
DA:161,0
DA:162,0
DA:163,0
DA:164,0
DA:168,0
DA:174,0
DA:184,0
DA:185,0
DA:186,0
DA:188,0
DA:194,0
DA:204,0
DA:205,0
DA:206,0
DA:215,0
DA:217,0
DA:225,0
LF:68
LH:0
BRDA:15,0,0,0
BRDA:19,1,0,0
BRDA:19,1,1,0
BRDA:28,2,0,0
BRDA:28,2,1,0
BRDA:52,3,0,0
BRDA:52,3,1,0
BRDA:107,4,0,0
BRDA:107,4,1,0
BRDA:114,5,0,0
BRDA:114,5,1,0
BRDA:114,6,0,0
BRDA:114,6,1,0
BRDA:121,7,0,0
BRDA:121,7,1,0
BRDA:121,8,0,0
BRDA:121,8,1,0
BRDA:138,9,0,0
BRDA:138,9,1,0
BRDA:151,10,0,0
BRDA:151,10,1,0
BRDA:158,11,0,0
BRDA:158,11,1,0
BRDA:160,12,0,0
BRDA:160,12,1,0
BRDA:162,13,0,0
BRDA:162,13,1,0
BRDA:176,14,0,0
BRDA:176,14,1,0
BRDA:196,15,0,0
BRDA:196,15,1,0
BRDA:211,16,0,0
BRDA:211,16,1,0
BRF:33
BRH:0
end_of_record
TN:
SF:routes\uploads.js
FN:15,(anonymous_0)
FN:52,(anonymous_1)
FN:92,(anonymous_2)
FN:132,(anonymous_3)
FN:172,(anonymous_4)
FN:218,(anonymous_5)
FN:290,(anonymous_6)
FN:314,(anonymous_7)
FNF:8
FNH:0
FNDA:0,(anonymous_0)
FNDA:0,(anonymous_1)
FNDA:0,(anonymous_2)
FNDA:0,(anonymous_3)
FNDA:0,(anonymous_4)
FNDA:0,(anonymous_5)
FNDA:0,(anonymous_6)
FNDA:0,(anonymous_7)
DA:1,0
DA:2,0
DA:3,0
DA:11,0
DA:12,0
DA:15,0
DA:16,0
DA:17,0
DA:18,0
DA:21,0
DA:22,0
DA:23,0
DA:27,0
DA:34,0
DA:35,0
DA:37,0
DA:46,0
DA:47,0
DA:52,0
DA:53,0
DA:54,0
DA:55,0
DA:58,0
DA:59,0
DA:60,0
DA:63,0
DA:64,0
DA:67,0
DA:74,0
DA:75,0
DA:77,0
DA:86,0
DA:87,0
DA:92,0
DA:93,0
DA:94,0
DA:95,0
DA:98,0
DA:99,0
DA:100,0
DA:103,0
DA:104,0
DA:107,0
DA:114,0
DA:115,0
DA:117,0
DA:126,0
DA:127,0
DA:132,0
DA:133,0
DA:134,0
DA:135,0
DA:138,0
DA:139,0
DA:140,0
DA:143,0
DA:144,0
DA:147,0
DA:154,0
DA:155,0
DA:157,0
DA:166,0
DA:167,0
DA:172,0
DA:173,0
DA:174,0
DA:175,0
DA:178,0
DA:179,0
DA:180,0
DA:183,0
DA:184,0
DA:185,0
DA:188,0
DA:189,0
DA:191,0
DA:192,0
DA:195,0
DA:202,0
DA:204,0
DA:212,0
DA:213,0
DA:218,0
DA:219,0
DA:220,0
DA:221,0
DA:224,0
DA:225,0
DA:226,0
DA:229,0
DA:230,0
DA:233,0
DA:236,0
DA:237,0
DA:238,0
DA:244,0
DA:248,0
DA:249,0
DA:250,0
DA:256,0
DA:260,0
DA:261,0
DA:262,0
DA:268,0
DA:271,0
DA:272,0
DA:274,0
DA:284,0
DA:285,0
DA:290,0
DA:291,0
DA:292,0
DA:294,0
DA:295,0
DA:298,0
DA:308,0
DA:309,0
DA:314,0
DA:315,0
DA:316,0
DA:317,0
DA:319,0
DA:320,0
DA:323,0
DA:324,0
DA:325,0
DA:326,0
DA:328,0
DA:331,0
DA:332,0
DA:334,0
DA:342,0
DA:343,0
DA:347,0
LF:134
LH:0
BRDA:17,0,0,0
BRDA:17,0,1,0
BRDA:22,1,0,0
BRDA:22,1,1,0
BRDA:54,2,0,0
BRDA:54,2,1,0
BRDA:59,3,0,0
BRDA:59,3,1,0
BRDA:63,4,0,0
BRDA:63,4,1,0
BRDA:94,5,0,0
BRDA:94,5,1,0
BRDA:99,6,0,0
BRDA:99,6,1,0
BRDA:103,7,0,0
BRDA:103,7,1,0
BRDA:134,8,0,0
BRDA:134,8,1,0
BRDA:139,9,0,0
BRDA:139,9,1,0
BRDA:143,10,0,0
BRDA:143,10,1,0
BRDA:174,11,0,0
BRDA:174,11,1,0
BRDA:179,12,0,0
BRDA:179,12,1,0
BRDA:184,13,0,0
BRDA:184,13,1,0
BRDA:188,14,0,0
BRDA:188,14,1,0
BRDA:191,15,0,0
BRDA:191,15,1,0
BRDA:220,16,0,0
BRDA:220,16,1,0
BRDA:220,17,0,0
BRDA:220,17,1,0
BRDA:225,18,0,0
BRDA:225,18,1,0
BRDA:229,19,0,0
BRDA:229,19,1,0
BRDA:236,20,0,0
BRDA:236,20,1,0
BRDA:236,21,0,0
BRDA:236,21,1,0
BRDA:248,22,0,0
BRDA:248,22,1,0
BRDA:248,23,0,0
BRDA:248,23,1,0
BRDA:260,24,0,0
BRDA:260,24,1,0
BRDA:260,25,0,0
BRDA:260,25,1,0
BRDA:294,26,0,0
BRDA:294,26,1,0
BRDA:319,27,0,0
BRDA:319,27,1,0
BRDA:323,28,0,0
BRDA:323,28,1,0
BRDA:325,29,0,0
BRDA:325,29,1,0
BRDA:325,30,0,0
BRDA:325,30,1,0
BRF:62
BRH:0
end_of_record
TN:
SF:routes\admin\metrics.js
FN:19,percentile
FN:21,(anonymous_1)
FN:33,detectAnomalies
FN:35,(anonymous_3)
FN:37,(anonymous_4)
FN:39,(anonymous_5)
FN:42,(anonymous_6)
FN:46,recordRequest
FN:79,(anonymous_8)
FN:83,(anonymous_9)
FN:99,(anonymous_10)
FN:102,(anonymous_11)
FN:113,(anonymous_12)
FN:132,(anonymous_13)
FN:162,(anonymous_14)
FN:172,(anonymous_15)
FN:176,(anonymous_16)
FN:177,(anonymous_17)
FN:178,(anonymous_18)
FN:178,(anonymous_19)
FN:182,(anonymous_20)
FN:183,(anonymous_21)
FN:186,(anonymous_22)
FN:188,(anonymous_23)
FN:195,(anonymous_24)
FN:206,(anonymous_25)
FN:207,(anonymous_26)
FN:217,(anonymous_27)
FN:218,(anonymous_28)
FN:231,(anonymous_29)
FN:248,(anonymous_30)
FN:252,(anonymous_31)
FNF:32
FNH:0
FNDA:0,percentile
FNDA:0,(anonymous_1)
FNDA:0,detectAnomalies
FNDA:0,(anonymous_3)
FNDA:0,(anonymous_4)
FNDA:0,(anonymous_5)
FNDA:0,(anonymous_6)
FNDA:0,recordRequest
FNDA:0,(anonymous_8)
FNDA:0,(anonymous_9)
FNDA:0,(anonymous_10)
FNDA:0,(anonymous_11)
FNDA:0,(anonymous_12)
FNDA:0,(anonymous_13)
FNDA:0,(anonymous_14)
FNDA:0,(anonymous_15)
FNDA:0,(anonymous_16)
FNDA:0,(anonymous_17)
FNDA:0,(anonymous_18)
FNDA:0,(anonymous_19)
FNDA:0,(anonymous_20)
FNDA:0,(anonymous_21)
FNDA:0,(anonymous_22)
FNDA:0,(anonymous_23)
FNDA:0,(anonymous_24)
FNDA:0,(anonymous_25)
FNDA:0,(anonymous_26)
FNDA:0,(anonymous_27)
FNDA:0,(anonymous_28)
FNDA:0,(anonymous_29)
FNDA:0,(anonymous_30)
FNDA:0,(anonymous_31)
DA:1,0
DA:2,0
DA:3,0
DA:4,0
DA:5,0
DA:6,0
DA:9,0
DA:10,0
DA:16,0
DA:20,0
DA:21,0
DA:22,0
DA:23,0
DA:24,0
DA:25,0
DA:26,0
DA:28,0
DA:34,0
DA:35,0
DA:36,0
DA:37,0
DA:39,0
DA:40,0
DA:41,0
DA:42,0
DA:47,0
DA:48,0
DA:49,0
DA:50,0
DA:53,0
DA:65,0
DA:66,0
DA:72,0
DA:73,0
DA:74,0
DA:75,0
DA:78,0
DA:79,0
DA:83,0
DA:84,0
DA:85,0
DA:87,0
DA:94,0
DA:95,0
DA:99,0
DA:100,0
DA:102,0
DA:103,0
DA:113,0
DA:114,0
DA:115,0
DA:118,0
DA:119,0
DA:122,0
DA:132,0
DA:146,0
DA:153,0
DA:162,0
DA:163,0
DA:164,0
DA:165,0
DA:171,0
DA:172,0
DA:175,0
DA:176,0
DA:177,0
DA:178,0
DA:181,0
DA:182,0
DA:183,0
DA:184,0
DA:186,0
DA:188,0
DA:194,0
DA:195,0
DA:196,0
DA:197,0
DA:198,0
DA:200,0
DA:201,0
DA:206,0
DA:207,0
DA:208,0
DA:209,0
DA:210,0
DA:211,0
DA:216,0
DA:217,0
DA:218,0
DA:221,0
DA:231,0
DA:239,0
DA:248,0
DA:249,0
DA:252,0
DA:253,0
DA:256,0
LF:97
LH:0
BRDA:20,0,0,0
BRDA:20,0,1,0
BRDA:25,1,0,0
BRDA:25,1,1,0
BRDA:33,2,0,0
BRDA:34,3,0,0
BRDA:34,3,1,0
BRDA:41,4,0,0
BRDA:41,4,1,0
BRDA:46,5,0,0
BRDA:48,6,0,0
BRDA:48,6,1,0
BRDA:49,7,0,0
BRDA:49,7,1,0
BRDA:65,8,0,0
BRDA:65,8,1,0
BRDA:74,9,0,0
BRDA:74,9,1,0
BRDA:75,10,0,0
BRDA:75,10,1,0
BRDA:89,11,0,0
BRDA:89,11,1,0
BRDA:94,12,0,0
BRDA:94,12,1,0
BRDA:107,13,0,0
BRDA:107,13,1,0
BRDA:118,14,0,0
BRDA:118,14,1,0
BRDA:119,15,0,0
BRDA:119,15,1,0
BRDA:136,16,0,0
BRDA:136,16,1,0
BRDA:136,17,0,0
BRDA:136,17,1,0
BRDA:141,18,0,0
BRDA:141,18,1,0
BRDA:164,19,0,0
BRDA:164,19,1,0
BRDA:165,20,0,0
BRDA:165,20,1,0
BRDA:187,21,0,0
BRDA:187,21,1,0
BRDA:196,22,0,0
BRDA:196,22,1,0
BRDA:197,23,0,0
BRDA:197,23,1,0
BRDA:201,24,0,0
BRDA:201,24,1,0
BRDA:209,25,0,0
BRDA:209,25,1,0
BRDA:211,26,0,0
BRDA:211,26,1,0
BRDA:227,27,0,0
BRDA:227,27,1,0
BRF:54
BRH:0
end_of_record
TN:
SF:routes\v1\index.js
FN:34,(anonymous_0)
FN:73,(anonymous_1)
FNF:2
FNH:0
FNDA:0,(anonymous_0)
FNDA:0,(anonymous_1)
DA:6,0
DA:7,0
DA:10,0
DA:11,0
DA:12,0
DA:13,0
DA:14,0
DA:15,0
DA:16,0
DA:17,0
DA:18,0
DA:19,0
DA:20,0
DA:21,0
DA:22,0
DA:23,0
DA:24,0
DA:25,0
DA:26,0
DA:27,0
DA:28,0
DA:31,0
DA:34,0
DA:36,0
DA:39,0
DA:41,0
DA:45,0
DA:46,0
DA:47,0
DA:48,0
DA:49,0
DA:50,0
DA:51,0
DA:52,0
DA:53,0
DA:54,0
DA:57,0
DA:58,0
DA:59,0
DA:60,0
DA:61,0
DA:62,0
DA:65,0
DA:68,0
DA:69,0
DA:70,0
DA:73,0
DA:74,0
DA:82,0
LF:49
LH:0
BRF:0
BRH:0
end_of_record
TN:
SF:services\analyticsService.js
FNF:0
FNH:0
LF:0
LH:0
BRF:0
BRH:0
end_of_record
TN:
SF:services\authService.js
FN:19,(anonymous_0)
FN:84,(anonymous_1)
FN:153,(anonymous_2)
FN:172,(anonymous_3)
FN:183,(anonymous_4)
FN:206,(anonymous_5)
FNF:6
FNH:0
FNDA:0,(anonymous_0)
FNDA:0,(anonymous_1)
FNDA:0,(anonymous_2)
FNDA:0,(anonymous_3)
FNDA:0,(anonymous_4)
FNDA:0,(anonymous_5)
DA:8,0
DA:9,0
DA:10,0
DA:11,0
DA:20,0
DA:23,0
DA:24,0
DA:25,0
DA:26,0
DA:34,0
DA:35,0
DA:46,0
DA:47,0
DA:55,0
DA:57,0
DA:58,0
DA:64,0
DA:85,0
DA:87,0
DA:88,0
DA:95,0
DA:97,0
DA:98,0
DA:99,0
DA:100,0
DA:107,0
DA:109,0
DA:110,0
DA:111,0
DA:112,0
DA:119,0
DA:122,0
DA:123,0
DA:125,0
DA:126,0
DA:132,0
DA:154,0
DA:156,0
DA:157,0
DA:163,0
DA:173,0
DA:175,0
DA:176,0
DA:183,0
DA:184,0
DA:188,0
DA:190,0
DA:192,0
DA:197,0
DA:207,0
DA:209,0
DA:210,0
DA:216,0
DA:220,0
LF:54
LH:0
BRDA:24,0,0,0
BRDA:24,0,1,0
BRDA:50,1,0,0
BRDA:50,1,1,0
BRDA:87,2,0,0
BRDA:87,2,1,0
BRDA:87,3,0,0
BRDA:87,3,1,0
BRDA:97,4,0,0
BRDA:97,4,1,0
BRDA:109,5,0,0
BRDA:109,5,1,0
BRDA:156,6,0,0
BRDA:156,6,1,0
BRDA:175,7,0,0
BRDA:175,7,1,0
BRDA:209,8,0,0
BRDA:209,8,1,0
BRF:18
BRH:0
end_of_record
TN:
SF:services\bookingService.js
FN:23,(anonymous_0)
FN:95,(anonymous_1)
FN:151,(anonymous_2)
FN:187,(anonymous_3)
FN:221,(anonymous_4)
FN:231,(anonymous_5)
FN:241,(anonymous_6)
FN:307,(anonymous_7)
FN:395,(anonymous_8)
FN:464,(anonymous_9)
FN:514,(anonymous_10)
FN:541,(anonymous_11)
FN:604,(anonymous_12)
FNF:13
FNH:0
FNDA:0,(anonymous_0)
FNDA:0,(anonymous_1)
FNDA:0,(anonymous_2)
FNDA:0,(anonymous_3)
FNDA:0,(anonymous_4)
FNDA:0,(anonymous_5)
FNDA:0,(anonymous_6)
FNDA:0,(anonymous_7)
FNDA:0,(anonymous_8)
FNDA:0,(anonymous_9)
FNDA:0,(anonymous_10)
FNDA:0,(anonymous_11)
FNDA:0,(anonymous_12)
DA:8,0
DA:9,0
DA:10,0
DA:11,0
DA:12,0
DA:13,0
DA:14,0
DA:33,0
DA:36,0
DA:37,0
DA:38,0
DA:46,0
DA:63,0
DA:64,0
DA:69,0
DA:70,0
DA:77,0
DA:78,0
DA:86,0
DA:87,0
DA:89,0
DA:93,0
DA:94,0
DA:95,0
DA:96,0
DA:97,0
DA:98,0
DA:101,0
DA:102,0
DA:107,0
DA:128,0
DA:129,0
DA:132,0
DA:134,0
DA:142,0
DA:152,0
DA:156,0
DA:157,0
DA:164,0
DA:165,0
DA:167,0
DA:169,0
DA:170,0
DA:171,0
DA:178,0
DA:192,0
DA:194,0
DA:202,0
DA:204,0
DA:222,0
DA:232,0
DA:242,0
DA:244,0
DA:245,0
DA:252,0
DA:253,0
DA:260,0
DA:261,0
DA:262,0
DA:268,0
DA:269,0
DA:270,0
DA:277,0
DA:278,0
DA:279,0
DA:285,0
DA:288,0
DA:290,0
DA:296,0
DA:308,0
DA:310,0
DA:311,0
DA:318,0
DA:329,0
DA:330,0
DA:331,0
DA:338,0
DA:339,0
DA:340,0
DA:342,0
DA:343,0
DA:350,0
DA:351,0
DA:358,0
DA:359,0
DA:360,0
DA:361,0
DA:362,0
DA:365,0
DA:366,0
DA:373,0
DA:376,0
DA:378,0
DA:385,0
DA:396,0
DA:398,0
DA:399,0
DA:406,0
DA:407,0
DA:413,0
DA:414,0
DA:421,0
DA:422,0
DA:423,0
DA:428,0
DA:429,0
DA:435,0
DA:438,0
DA:446,0
DA:448,0
DA:454,0
DA:465,0
DA:467,0
DA:468,0
DA:475,0
DA:476,0
DA:483,0
DA:484,0
DA:491,0
DA:492,0
DA:499,0
DA:505,0
DA:508,0
DA:509,0
DA:514,0
DA:515,0
DA:517,0
DA:523,0
DA:525,0
DA:531,0
DA:542,0
DA:544,0
DA:545,0
DA:552,0
DA:553,0
DA:560,0
DA:561,0
DA:562,0
DA:563,0
DA:565,0
DA:566,0
DA:573,0
DA:574,0
DA:579,0
DA:585,0
DA:588,0
DA:590,0
DA:596,0
DA:605,0
DA:606,0
DA:610,0
DA:614,0
DA:619,0
DA:630,0
DA:644,0
LF:155
LH:0
BRDA:37,0,0,0
BRDA:37,0,1,0
BRDA:63,1,0,0
BRDA:63,1,1,0
BRDA:69,2,0,0
BRDA:69,2,1,0
BRDA:77,3,0,0
BRDA:77,3,1,0
BRDA:77,4,0,0
BRDA:77,4,1,0
BRDA:86,5,0,0
BRDA:86,5,1,0
BRDA:86,6,0,0
BRDA:86,6,1,0
BRDA:93,7,0,0
BRDA:93,7,1,0
BRDA:98,8,0,0
BRDA:98,8,1,0
BRDA:101,9,0,0
BRDA:101,9,1,0
BRDA:116,10,0,0
BRDA:116,10,1,0
BRDA:156,11,0,0
BRDA:156,11,1,0
BRDA:165,12,0,0
BRDA:165,12,1,0
BRDA:167,13,0,0
BRDA:167,13,1,0
BRDA:167,14,0,0
BRDA:167,14,1,0
BRDA:170,15,0,0
BRDA:170,15,1,0
BRDA:170,16,0,0
BRDA:170,16,1,0
BRDA:187,17,0,0
BRDA:187,18,0,0
BRDA:189,19,0,0
BRDA:190,20,0,0
BRDA:191,21,0,0
BRDA:221,22,0,0
BRDA:231,23,0,0
BRDA:244,24,0,0
BRDA:244,24,1,0
BRDA:252,25,0,0
BRDA:252,25,1,0
BRDA:261,26,0,0
BRDA:261,26,1,0
BRDA:269,27,0,0
BRDA:269,27,1,0
BRDA:307,28,0,0
BRDA:310,29,0,0
BRDA:310,29,1,0
BRDA:329,30,0,0
BRDA:329,30,1,0
BRDA:330,31,0,0
BRDA:330,31,1,0
BRDA:339,32,0,0
BRDA:339,32,1,0
BRDA:340,33,0,0
BRDA:340,33,1,0
BRDA:342,34,0,0
BRDA:342,34,1,0
BRDA:342,35,0,0
BRDA:342,35,1,0
BRDA:354,36,0,0
BRDA:354,36,1,0
BRDA:358,37,0,0
BRDA:358,37,1,0
BRDA:360,38,0,0
BRDA:360,38,1,0
BRDA:365,39,0,0
BRDA:365,39,1,0
BRDA:398,40,0,0
BRDA:398,40,1,0
BRDA:406,41,0,0
BRDA:406,41,1,0
BRDA:413,42,0,0
BRDA:413,42,1,0
BRDA:467,43,0,0
BRDA:467,43,1,0
BRDA:475,44,0,0
BRDA:475,44,1,0
BRDA:483,45,0,0
BRDA:483,45,1,0
BRDA:491,46,0,0
BRDA:491,46,1,0
BRDA:508,47,0,0
BRDA:508,47,1,0
BRDA:544,48,0,0
BRDA:544,48,1,0
BRDA:552,49,0,0
BRDA:552,49,1,0
BRDA:561,50,0,0
BRDA:561,50,1,0
BRDA:563,51,0,0
BRDA:563,51,1,0
BRDA:565,52,0,0
BRDA:565,52,1,0
BRDA:565,53,0,0
BRDA:565,53,1,0
BRDA:565,53,2,0
BRDA:604,54,0,0
BRDA:635,55,0,0
BRDA:635,55,1,0
BRDA:638,56,0,0
BRDA:638,56,1,0
BRDA:639,57,0,0
BRDA:639,57,1,0
BRF:108
BRH:0
end_of_record
TN:
SF:services\dutyService.js
FN:24,(anonymous_0)
FN:57,(anonymous_1)
FN:77,(anonymous_2)
FN:106,(anonymous_3)
FN:147,(anonymous_4)
FN:183,(anonymous_5)
FN:192,(anonymous_6)
FN:202,(anonymous_7)
FN:221,(anonymous_8)
FN:237,(anonymous_9)
FN:246,(anonymous_10)
FNF:11
FNH:0
FNDA:0,(anonymous_0)
FNDA:0,(anonymous_1)
FNDA:0,(anonymous_2)
FNDA:0,(anonymous_3)
FNDA:0,(anonymous_4)
FNDA:0,(anonymous_5)
FNDA:0,(anonymous_6)
FNDA:0,(anonymous_7)
FNDA:0,(anonymous_8)
FNDA:0,(anonymous_9)
FNDA:0,(anonymous_10)
DA:8,0
DA:9,0
DA:14,0
DA:15,0
DA:30,0
DA:32,0
DA:39,0
DA:41,0
DA:58,0
DA:61,0
DA:62,0
DA:68,0
DA:79,0
DA:81,0
DA:82,0
DA:85,0
DA:88,0
DA:90,0
DA:96,0
DA:107,0
DA:109,0
DA:110,0
DA:117,0
DA:118,0
DA:124,0
DA:130,0
DA:132,0
DA:138,0
DA:148,0
DA:150,0
DA:151,0
DA:158,0
DA:159,0
DA:165,0
DA:168,0
DA:170,0
DA:184,0
DA:193,0
DA:203,0
DA:205,0
DA:206,0
DA:212,0
DA:222,0
DA:227,0
DA:238,0
DA:247,0
DA:251,0
LF:47
LH:0
BRDA:24,0,0,0
BRDA:24,1,0,0
BRDA:26,2,0,0
BRDA:27,3,0,0
BRDA:28,4,0,0
BRDA:29,5,0,0
BRDA:61,6,0,0
BRDA:61,6,1,0
BRDA:81,7,0,0
BRDA:81,7,1,0
BRDA:109,8,0,0
BRDA:109,8,1,0
BRDA:117,9,0,0
BRDA:117,9,1,0
BRDA:150,10,0,0
BRDA:150,10,1,0
BRDA:158,11,0,0
BRDA:158,11,1,0
BRDA:183,12,0,0
BRDA:192,13,0,0
BRDA:205,14,0,0
BRDA:205,14,1,0
BRDA:221,15,0,0
BRDA:224,16,0,0
BRDA:224,16,1,0
BRF:25
BRH:0
end_of_record
TN:
SF:services\patientService.js
FN:19,(anonymous_0)
FN:89,(anonymous_1)
FN:165,(anonymous_2)
FN:184,(anonymous_3)
FN:203,(anonymous_4)
FN:223,(anonymous_5)
FN:235,(anonymous_6)
FN:257,(anonymous_7)
FN:277,(anonymous_8)
FN:284,(anonymous_9)
FN:304,(anonymous_10)
FN:347,(anonymous_11)
FN:390,(anonymous_12)
FN:424,(anonymous_13)
FN:442,(anonymous_14)
FNF:15
FNH:0
FNDA:0,(anonymous_0)
FNDA:0,(anonymous_1)
FNDA:0,(anonymous_2)
FNDA:0,(anonymous_3)
FNDA:0,(anonymous_4)
FNDA:0,(anonymous_5)
FNDA:0,(anonymous_6)
FNDA:0,(anonymous_7)
FNDA:0,(anonymous_8)
FNDA:0,(anonymous_9)
FNDA:0,(anonymous_10)
FNDA:0,(anonymous_11)
FNDA:0,(anonymous_12)
FNDA:0,(anonymous_13)
FNDA:0,(anonymous_14)
DA:8,0
DA:9,0
DA:10,0
DA:11,0
DA:20,0
DA:23,0
DA:24,0
DA:25,0
DA:26,0
DA:33,0
DA:34,0
DA:35,0
DA:36,0
DA:44,0
DA:45,0
DA:52,0
DA:53,0
DA:61,0
DA:63,0
DA:64,0
DA:70,0
DA:90,0
DA:92,0
DA:93,0
DA:100,0
DA:102,0
DA:103,0
DA:104,0
DA:105,0
DA:112,0
DA:113,0
DA:114,0
DA:121,0
DA:123,0
DA:124,0
DA:125,0
DA:126,0
DA:133,0
DA:136,0
DA:137,0
DA:139,0
DA:140,0
DA:145,0
DA:166,0
DA:168,0
DA:169,0
DA:175,0
DA:185,0
DA:187,0
DA:188,0
DA:195,0
DA:196,0
DA:197,0
DA:198,0
DA:199,0
DA:200,0
DA:203,0
DA:204,0
DA:207,0
DA:209,0
DA:214,0
DA:224,0
DA:226,0
DA:227,0
DA:234,0
DA:235,0
DA:236,0
DA:239,0
DA:240,0
DA:242,0
DA:247,0
DA:258,0
DA:260,0
DA:261,0
DA:267,0
DA:268,0
DA:269,0
DA:276,0
DA:277,0
DA:278,0
DA:279,0
DA:284,0
DA:285,0
DA:288,0
DA:290,0
DA:295,0
DA:305,0
DA:307,0
DA:308,0
DA:314,0
DA:315,0
DA:316,0
DA:322,0
DA:323,0
DA:326,0
DA:327,0
DA:330,0
DA:332,0
DA:337,0
DA:348,0
DA:350,0
DA:351,0
DA:357,0
DA:358,0
DA:359,0
DA:365,0
DA:366,0
DA:369,0
DA:370,0
DA:373,0
DA:374,0
DA:376,0
DA:381,0
DA:391,0
DA:393,0
DA:394,0
DA:400,0
DA:401,0
DA:404,0
DA:409,0
DA:411,0
DA:415,0
DA:425,0
DA:427,0
DA:428,0
DA:434,0
DA:443,0
DA:445,0
DA:446,0
DA:452,0
DA:462,0
LF:131
LH:0
BRDA:24,0,0,0
BRDA:24,0,1,0
BRDA:34,1,0,0
BRDA:34,1,1,0
BRDA:56,2,0,0
BRDA:56,2,1,0
BRDA:92,3,0,0
BRDA:92,3,1,0
BRDA:92,4,0,0
BRDA:92,4,1,0
BRDA:102,5,0,0
BRDA:102,5,1,0
BRDA:112,6,0,0
BRDA:112,6,1,0
BRDA:123,7,0,0
BRDA:123,7,1,0
BRDA:168,8,0,0
BRDA:168,8,1,0
BRDA:187,9,0,0
BRDA:187,9,1,0
BRDA:226,10,0,0
BRDA:226,10,1,0
BRDA:234,11,0,0
BRDA:234,11,1,0
BRDA:234,12,0,0
BRDA:234,12,1,0
BRDA:260,13,0,0
BRDA:260,13,1,0
BRDA:268,14,0,0
BRDA:268,14,1,0
BRDA:276,15,0,0
BRDA:276,15,1,0
BRDA:278,16,0,0
BRDA:278,16,1,0
BRDA:307,17,0,0
BRDA:307,17,1,0
BRDA:315,18,0,0
BRDA:315,18,1,0
BRDA:326,19,0,0
BRDA:326,19,1,0
BRDA:326,20,0,0
BRDA:326,20,1,0
BRDA:350,21,0,0
BRDA:350,21,1,0
BRDA:358,22,0,0
BRDA:358,22,1,0
BRDA:365,23,0,0
BRDA:365,23,1,0
BRDA:369,24,0,0
BRDA:369,24,1,0
BRDA:393,25,0,0
BRDA:393,25,1,0
BRDA:400,26,0,0
BRDA:400,26,1,0
BRDA:427,27,0,0
BRDA:427,27,1,0
BRDA:445,28,0,0
BRDA:445,28,1,0
BRDA:453,29,0,0
BRDA:453,29,1,0
BRDA:454,30,0,0
BRDA:454,30,1,0
BRDA:455,31,0,0
BRDA:455,31,1,0
BRF:64
BRH:0
end_of_record
TN:
SF:utils\encryption.js
FN:6,(anonymous_0)
FN:14,(anonymous_1)
FN:40,(anonymous_2)
FN:69,(anonymous_3)
FNF:4
FNH:2
FNDA:4,(anonymous_0)
FNDA:4,(anonymous_1)
FNDA:0,(anonymous_2)
FNDA:0,(anonymous_3)
DA:1,4
DA:3,4
DA:6,4
DA:7,4
DA:8,4
DA:10,0
DA:14,4
DA:15,4
DA:17,4
DA:18,4
DA:19,0
DA:20,0
DA:26,0
DA:27,0
DA:29,0
DA:31,4
DA:35,0
DA:40,4
DA:41,0
DA:43,0
DA:44,0
DA:45,0
DA:46,0
DA:47,0
DA:49,0
DA:55,0
DA:56,0
DA:58,0
DA:60,0
DA:64,0
DA:69,4
DA:70,0
DA:72,0
LF:33
LH:12
BRDA:7,0,0,4
BRDA:7,0,1,0
BRDA:7,1,0,4
BRDA:7,1,1,4
BRDA:15,2,0,0
BRDA:15,2,1,4
BRDA:41,3,0,0
BRDA:41,3,1,0
BRDA:70,4,0,0
BRDA:70,4,1,0
BRF:10
BRH:4
end_of_record
TN:
SF:utils\encryptionV2.js
FN:44,getKey
FN:75,encrypt
FN:124,decrypt
FN:182,decryptLegacy
FN:212,reencrypt
FN:229,hash
FN:257,deriveKey
FN:270,generateToken
FN:277,compareHash
FN:294,encryptObject
FN:304,decryptObject
FN:322,getKeyInfo
FN:326,(anonymous_12)
FNF:13
FNH:0
FNDA:0,getKey
FNDA:0,encrypt
FNDA:0,decrypt
FNDA:0,decryptLegacy
FNDA:0,reencrypt
FNDA:0,hash
FNDA:0,deriveKey
FNDA:0,generateToken
FNDA:0,compareHash
FNDA:0,encryptObject
FNDA:0,decryptObject
FNDA:0,getKeyInfo
FNDA:0,(anonymous_12)
DA:9,0
DA:10,0
DA:13,0
DA:14,0
DA:15,0
DA:16,0
DA:17,0
DA:23,0
DA:39,0
DA:45,0
DA:47,0
DA:48,0
DA:52,0
DA:53,0
DA:57,0
DA:58,0
DA:61,0
DA:62,0
DA:65,0
DA:68,0
DA:76,0
DA:81,0
DA:83,0
DA:85,0
DA:88,0
DA:91,0
DA:94,0
DA:100,0
DA:103,0
DA:111,0
DA:116,0
DA:125,0
DA:127,0
DA:129,0
DA:131,0
DA:133,0
DA:135,0
DA:136,0
DA:139,0
DA:142,0
DA:143,0
DA:144,0
DA:148,0
DA:151,0
DA:152,0
DA:153,0
DA:156,0
DA:159,0
DA:162,0
DA:167,0
DA:170,0
DA:174,0
DA:183,0
DA:184,0
DA:185,0
DA:186,0
DA:189,0
DA:190,0
DA:191,0
DA:193,0
DA:195,0
DA:200,0
DA:203,0
DA:204,0
DA:213,0
DA:215,0
DA:216,0
DA:219,0
DA:230,0
DA:236,0
DA:238,0
DA:239,0
DA:241,0
DA:242,0
DA:245,0
DA:248,0
DA:249,0
DA:258,0
DA:271,0
DA:278,0
DA:281,0
DA:282,0
DA:285,0
DA:295,0
DA:297,0
DA:298,0
DA:305,0
DA:307,0
DA:309,0
DA:311,0
DA:312,0
DA:314,0
DA:315,0
DA:323,0
DA:326,0
DA:334,0
LF:96
LH:0
BRDA:44,0,0,0
BRDA:47,1,0,0
BRDA:47,1,1,0
BRDA:52,2,0,0
BRDA:52,2,1,0
BRDA:53,3,0,0
BRDA:53,3,1,0
BRDA:57,4,0,0
BRDA:57,4,1,0
BRDA:58,5,0,0
BRDA:58,5,1,0
BRDA:61,6,0,0
BRDA:61,6,1,0
BRDA:75,7,0,0
BRDA:76,8,0,0
BRDA:76,8,1,0
BRDA:79,9,0,0
BRDA:80,10,0,0
BRDA:124,11,0,0
BRDA:125,12,0,0
BRDA:125,12,1,0
BRDA:127,13,0,0
BRDA:133,14,0,0
BRDA:133,14,1,0
BRDA:143,15,0,0
BRDA:143,15,1,0
BRDA:143,16,0,0
BRDA:143,16,1,0
BRDA:185,17,0,0
BRDA:185,17,1,0
BRDA:212,18,0,0
BRDA:215,19,0,0
BRDA:215,19,1,0
BRDA:229,20,0,0
BRDA:230,21,0,0
BRDA:230,21,1,0
BRDA:233,22,0,0
BRDA:234,23,0,0
BRDA:235,24,0,0
BRDA:257,25,0,0
BRDA:270,26,0,0
BRDA:277,27,0,0
BRDA:281,28,0,0
BRDA:281,28,1,0
BRDA:294,29,0,0
BRDA:295,30,0,0
BRDA:295,30,1,0
BRDA:304,31,0,0
BRDA:305,32,0,0
BRDA:305,32,1,0
BRDA:309,33,0,0
BRDA:309,33,1,0
BRF:52
BRH:0
end_of_record
TN:
SF:utils\logger.js
FN:31,(anonymous_0)
FN:113,(anonymous_1)
FN:119,(anonymous_2)
FN:131,(anonymous_3)
FN:142,(anonymous_4)
FN:150,(anonymous_5)
FN:160,(anonymous_6)
FN:171,(anonymous_7)
FN:183,(anonymous_8)
FNF:9
FNH:0
FNDA:0,(anonymous_0)
FNDA:0,(anonymous_1)
FNDA:0,(anonymous_2)
FNDA:0,(anonymous_3)
FNDA:0,(anonymous_4)
FNDA:0,(anonymous_5)
FNDA:0,(anonymous_6)
FNDA:0,(anonymous_7)
FNDA:0,(anonymous_8)
DA:1,0
DA:2,0
DA:3,0
DA:7,0
DA:8,0
DA:14,0
DA:15,0
DA:16,0
DA:20,0
DA:28,0
DA:32,0
DA:33,0
DA:34,0
DA:36,0
DA:41,0
DA:81,0
DA:82,0
DA:90,0
DA:91,0
DA:98,0
DA:102,0
DA:103,0
DA:104,0
DA:113,0
DA:115,0
DA:119,0
DA:120,0
DA:131,0
DA:132,0
DA:133,0
DA:142,0
DA:143,0
DA:150,0
DA:151,0
DA:152,0
DA:160,0
DA:161,0
DA:171,0
DA:172,0
DA:173,0
DA:182,0
DA:184,0
DA:188,0
LF:43
LH:0
BRDA:15,0,0,0
BRDA:15,0,1,0
BRDA:33,1,0,0
BRDA:33,1,1,0
BRDA:42,2,0,0
BRDA:42,2,1,0
BRDA:81,3,0,0
BRDA:81,3,1,0
BRDA:90,4,0,0
BRDA:90,4,1,0
BRDA:90,5,0,0
BRDA:90,5,1,0
BRDA:92,6,0,0
BRDA:92,6,1,0
BRDA:93,7,0,0
BRDA:93,7,1,0
BRDA:94,8,0,0
BRDA:94,8,1,0
BRDA:102,9,0,0
BRDA:102,9,1,0
BRDA:105,10,0,0
BRDA:105,10,1,0
BRDA:108,11,0,0
BRDA:108,11,1,0
BRDA:127,12,0,0
BRDA:127,12,1,0
BRDA:131,13,0,0
BRDA:132,14,0,0
BRDA:132,14,1,0
BRDA:150,15,0,0
BRDA:151,16,0,0
BRDA:151,16,1,0
BRDA:156,17,0,0
BRDA:156,17,1,0
BRDA:160,18,0,0
BRDA:171,19,0,0
BRDA:172,20,0,0
BRDA:172,20,1,0
BRDA:177,21,0,0
BRDA:177,21,1,0
BRF:40
BRH:0
end_of_record
TN:
SF:utils\monitoring.js
FN:25,(anonymous_0)
FN:26,(anonymous_1)
FN:33,(anonymous_2)
FN:51,(anonymous_3)
FN:64,(anonymous_4)
FN:72,(anonymous_5)
FN:76,(anonymous_6)
FNF:7
FNH:0
FNDA:0,(anonymous_0)
FNDA:0,(anonymous_1)
FNDA:0,(anonymous_2)
FNDA:0,(anonymous_3)
FNDA:0,(anonymous_4)
FNDA:0,(anonymous_5)
FNDA:0,(anonymous_6)
DA:1,0
DA:4,0
DA:13,0
DA:22,0
DA:25,0
DA:26,0
DA:27,0
DA:31,0
DA:34,0
DA:37,0
DA:45,0
DA:46,0
DA:52,0
DA:65,0
DA:73,0
DA:74,0
DA:76,0
DA:77,0
DA:83,0
LF:19
LH:0
BRDA:33,0,0,0
BRDA:34,1,0,0
BRDA:34,1,1,0
BRDA:45,2,0,0
BRDA:45,2,1,0
BRDA:73,3,0,0
BRDA:73,3,1,0
BRF:7
BRH:0
end_of_record
TN:
SF:utils\pagination.js
FN:24,(anonymous_0)
FN:51,(anonymous_1)
FN:106,(anonymous_2)
FN:115,(anonymous_3)
FN:135,(anonymous_4)
FN:192,(anonymous_5)
FN:205,(anonymous_6)
FN:221,(anonymous_7)
FNF:8
FNH:0
FNDA:0,(anonymous_0)
FNDA:0,(anonymous_1)
FNDA:0,(anonymous_2)
FNDA:0,(anonymous_3)
FNDA:0,(anonymous_4)
FNDA:0,(anonymous_5)
FNDA:0,(anonymous_6)
FNDA:0,(anonymous_7)
DA:8,0
DA:24,0
DA:26,0
DA:27,0
DA:28,0
DA:31,0
DA:32,0
DA:33,0
DA:34,0
DA:36,0
DA:38,0
DA:44,0
DA:45,0
DA:49,0
DA:50,0
DA:51,0
DA:52,0
DA:55,0
DA:60,0
DA:61,0
DA:65,0
DA:71,0
DA:72,0
DA:73,0
DA:75,0
DA:91,0
DA:106,0
DA:107,0
DA:110,0
DA:113,0
DA:114,0
DA:115,0
DA:120,0
DA:135,0
DA:136,0
DA:137,0
DA:138,0
DA:139,0
DA:141,0
DA:143,0
DA:144,0
DA:145,0
DA:147,0
DA:148,0
DA:150,0
DA:156,0
DA:160,0
DA:161,0
DA:164,0
DA:167,0
DA:168,0
DA:171,0
DA:175,0
DA:185,0
DA:192,0
DA:194,0
DA:203,0
DA:204,0
DA:205,0
DA:206,0
DA:207,0
DA:209,0
DA:212,0
DA:215,0
DA:221,0
DA:222,0
DA:229,0
LF:67
LH:0
BRDA:24,0,0,0
BRDA:24,1,0,0
BRDA:26,2,0,0
BRDA:26,2,1,0
BRDA:27,3,0,0
BRDA:27,3,1,0
BRDA:31,4,0,0
BRDA:31,4,1,0
BRDA:32,5,0,0
BRDA:32,5,1,0
BRDA:33,6,0,0
BRDA:33,6,1,0
BRDA:44,7,0,0
BRDA:44,7,1,0
BRDA:49,8,0,0
BRDA:49,8,1,0
BRDA:50,9,0,0
BRDA:50,9,1,0
BRDA:60,10,0,0
BRDA:60,10,1,0
BRDA:86,11,0,0
BRDA:86,11,1,0
BRDA:87,12,0,0
BRDA:87,12,1,0
BRDA:106,13,0,0
BRDA:106,14,0,0
BRDA:107,15,0,0
BRDA:107,16,0,0
BRDA:107,17,0,0
BRDA:113,18,0,0
BRDA:113,18,1,0
BRDA:113,19,0,0
BRDA:113,19,1,0
BRDA:135,20,0,0
BRDA:135,21,0,0
BRDA:136,22,0,0
BRDA:136,22,1,0
BRDA:137,23,0,0
BRDA:137,23,1,0
BRDA:138,24,0,0
BRDA:138,24,1,0
BRDA:143,25,0,0
BRDA:143,25,1,0
BRDA:145,26,0,0
BRDA:145,26,1,0
BRDA:147,27,0,0
BRDA:147,27,1,0
BRDA:160,28,0,0
BRDA:160,28,1,0
BRDA:168,29,0,0
BRDA:168,29,1,0
BRDA:171,30,0,0
BRDA:171,30,1,0
BRDA:171,31,0,0
BRDA:171,31,1,0
BRDA:195,32,0,0
BRDA:195,32,1,0
BRDA:196,33,0,0
BRDA:196,33,1,0
BRDA:197,34,0,0
BRDA:197,34,1,0
BRDA:198,35,0,0
BRDA:198,35,1,0
BRDA:199,36,0,0
BRDA:199,36,1,0
BRDA:203,37,0,0
BRDA:203,37,1,0
BRDA:206,38,0,0
BRDA:206,38,1,0
BRDA:221,39,0,0
BRF:70
BRH:0
end_of_record
TN:
SF:utils\responseHelper.js
FN:18,(anonymous_0)
FN:40,(anonymous_1)
FN:59,(anonymous_2)
FN:73,(anonymous_3)
FN:83,(anonymous_4)
FN:91,(anonymous_5)
FN:100,(anonymous_6)
FN:109,(anonymous_7)
FN:118,(anonymous_8)
FN:128,(anonymous_9)
FNF:10
FNH:0
FNDA:0,(anonymous_0)
FNDA:0,(anonymous_1)
FNDA:0,(anonymous_2)
FNDA:0,(anonymous_3)
FNDA:0,(anonymous_4)
FNDA:0,(anonymous_5)
FNDA:0,(anonymous_6)
FNDA:0,(anonymous_7)
FNDA:0,(anonymous_8)
FNDA:0,(anonymous_9)
DA:8,0
DA:19,0
DA:23,0
DA:26,0
DA:27,0
DA:30,0
DA:41,0
DA:46,0
DA:47,0
DA:50,0
DA:60,0
DA:61,0
DA:63,0
DA:74,0
DA:84,0
DA:92,0
DA:101,0
DA:110,0
DA:119,0
DA:129,0
DA:133,0
LF:21
LH:0
BRDA:18,0,0,0
BRDA:18,1,0,0
BRDA:23,2,0,0
BRDA:23,2,1,0
BRDA:26,3,0,0
BRDA:26,3,1,0
BRDA:26,4,0,0
BRDA:26,4,1,0
BRDA:40,5,0,0
BRDA:40,6,0,0
BRDA:46,7,0,0
BRDA:46,7,1,0
BRDA:46,8,0,0
BRDA:46,8,1,0
BRDA:60,9,0,0
BRDA:60,9,1,0
BRDA:73,10,0,0
BRDA:83,11,0,0
BRDA:100,12,0,0
BRDA:109,13,0,0
BRDA:118,14,0,0
BRDA:128,15,0,0
BRDA:128,16,0,0
BRF:23
BRH:0
end_of_record
TN:
SF:utils\securityMonitor.js
FN:27,logSecurityEvent
FN:57,createIncident
FN:95,getDashboard
FN:100,(anonymous_3)
FN:103,(anonymous_4)
FN:113,(anonymous_5)
FN:119,(anonymous_6)
FN:121,(anonymous_7)
FN:125,(anonymous_8)
FN:132,(anonymous_9)
FN:134,(anonymous_10)
FN:155,getMetrics
FN:159,(anonymous_12)
FN:163,(anonymous_13)
FN:170,(anonymous_14)
FN:171,(anonymous_15)
FN:178,(anonymous_16)
FN:194,getIncidents
FN:198,(anonymous_18)
FN:202,(anonymous_19)
FN:206,(anonymous_20)
FN:227,getIncidentById
FN:228,(anonymous_22)
FN:234,resolveIncident
FN:235,(anonymous_24)
FN:261,getBlockedIPs
FN:262,(anonymous_26)
FN:271,blockIP
FN:290,(anonymous_28)
FN:301,unblockIP
FN:317,isIPBlocked
FN:336,getThreatSummary
FN:338,(anonymous_32)
FN:341,(anonymous_33)
FN:343,(anonymous_34)
FN:350,getAuditLog
FN:354,(anonymous_36)
FN:358,(anonymous_37)
FN:362,(anonymous_38)
FN:383,logAuditEvent
FN:401,getHealthStatus
FN:402,(anonymous_41)
FN:403,(anonymous_42)
FN:432,generateId
FN:439,parseTimeRange
FNF:45
FNH:0
FNDA:0,logSecurityEvent
FNDA:0,createIncident
FNDA:0,getDashboard
FNDA:0,(anonymous_3)
FNDA:0,(anonymous_4)
FNDA:0,(anonymous_5)
FNDA:0,(anonymous_6)
FNDA:0,(anonymous_7)
FNDA:0,(anonymous_8)
FNDA:0,(anonymous_9)
FNDA:0,(anonymous_10)
FNDA:0,getMetrics
FNDA:0,(anonymous_12)
FNDA:0,(anonymous_13)
FNDA:0,(anonymous_14)
FNDA:0,(anonymous_15)
FNDA:0,(anonymous_16)
FNDA:0,getIncidents
FNDA:0,(anonymous_18)
FNDA:0,(anonymous_19)
FNDA:0,(anonymous_20)
FNDA:0,getIncidentById
FNDA:0,(anonymous_22)
FNDA:0,resolveIncident
FNDA:0,(anonymous_24)
FNDA:0,getBlockedIPs
FNDA:0,(anonymous_26)
FNDA:0,blockIP
FNDA:0,(anonymous_28)
FNDA:0,unblockIP
FNDA:0,isIPBlocked
FNDA:0,getThreatSummary
FNDA:0,(anonymous_32)
FNDA:0,(anonymous_33)
FNDA:0,(anonymous_34)
FNDA:0,getAuditLog
FNDA:0,(anonymous_36)
FNDA:0,(anonymous_37)
FNDA:0,(anonymous_38)
FNDA:0,logAuditEvent
FNDA:0,getHealthStatus
FNDA:0,(anonymous_41)
FNDA:0,(anonymous_42)
FNDA:0,generateId
FNDA:0,parseTimeRange
DA:6,0
DA:7,0
DA:10,0
DA:11,0
DA:12,0
DA:13,0
DA:14,0
DA:28,0
DA:34,0
DA:37,0
DA:38,0
DA:42,0
DA:43,0
DA:47,0
DA:48,0
DA:51,0
DA:58,0
DA:75,0
DA:78,0
DA:79,0
DA:83,0
DA:84,0
DA:87,0
DA:89,0
DA:96,0
DA:97,0
DA:100,0
DA:103,0
DA:106,0
DA:113,0
DA:114,0
DA:118,0
DA:119,0
DA:121,0
DA:124,0
DA:125,0
DA:126,0
DA:127,0
DA:131,0
DA:132,0
DA:134,0
DA:136,0
DA:156,0
DA:157,0
DA:159,0
DA:162,0
DA:163,0
DA:164,0
DA:165,0
DA:169,0
DA:170,0
DA:171,0
DA:177,0
DA:178,0
DA:179,0
DA:182,0
DA:195,0
DA:197,0
DA:198,0
DA:201,0
DA:202,0
DA:206,0
DA:209,0
DA:210,0
DA:211,0
DA:213,0
DA:228,0
DA:235,0
DA:237,0
DA:238,0
DA:241,0
DA:242,0
DA:243,0
DA:244,0
DA:246,0
DA:253,0
DA:255,0
DA:262,0
DA:272,0
DA:279,0
DA:289,0
DA:290,0
DA:291,0
DA:295,0
DA:302,0
DA:304,0
DA:311,0
DA:318,0
DA:320,0
DA:321,0
DA:325,0
DA:326,0
DA:327,0
DA:330,0
DA:337,0
DA:338,0
DA:341,0
DA:343,0
DA:351,0
DA:353,0
DA:354,0
DA:357,0
DA:358,0
DA:362,0
DA:365,0
DA:366,0
DA:367,0
DA:369,0
DA:384,0
DA:390,0
DA:393,0
DA:394,0
DA:402,0
DA:403,0
DA:405,0
DA:406,0
DA:408,0
DA:409,0
DA:410,0
DA:411,0
DA:412,0
DA:413,0
DA:414,0
DA:415,0
DA:416,0
DA:419,0
DA:433,0
DA:440,0
DA:446,0
DA:447,0
DA:448,0
DA:451,0
DA:452,0
DA:455,0
LF:134
LH:0
BRDA:37,0,0,0
BRDA:37,0,1,0
BRDA:42,1,0,0
BRDA:42,1,1,0
BRDA:43,2,0,0
BRDA:43,2,1,0
BRDA:47,3,0,0
BRDA:47,3,1,0
BRDA:47,4,0,0
BRDA:47,4,1,0
BRDA:61,5,0,0
BRDA:61,5,1,0
BRDA:63,6,0,0
BRDA:63,6,1,0
BRDA:64,7,0,0
BRDA:64,7,1,0
BRDA:78,8,0,0
BRDA:78,8,1,0
BRDA:83,9,0,0
BRDA:83,9,1,0
BRDA:126,10,0,0
BRDA:126,10,1,0
BRDA:127,11,0,0
BRDA:127,11,1,0
BRDA:155,12,0,0
BRDA:165,13,0,0
BRDA:165,13,1,0
BRDA:179,14,0,0
BRDA:179,14,1,0
BRDA:194,15,0,0
BRDA:194,16,0,0
BRDA:197,17,0,0
BRDA:197,17,1,0
BRDA:201,18,0,0
BRDA:201,18,1,0
BRDA:237,19,0,0
BRDA:237,19,1,0
BRDA:276,20,0,0
BRDA:276,20,1,0
BRDA:289,21,0,0
BRDA:289,21,1,0
BRDA:320,22,0,0
BRDA:320,22,1,0
BRDA:325,23,0,0
BRDA:325,23,1,0
BRDA:325,24,0,0
BRDA:325,24,1,0
BRDA:350,25,0,0
BRDA:350,26,0,0
BRDA:353,27,0,0
BRDA:353,27,1,0
BRDA:357,28,0,0
BRDA:357,28,1,0
BRDA:393,29,0,0
BRDA:393,29,1,0
BRDA:408,30,0,0
BRDA:408,30,1,0
BRDA:411,31,0,0
BRDA:411,31,1,0
BRDA:414,32,0,0
BRDA:414,32,1,0
BRDA:447,33,0,0
BRDA:447,33,1,0
BRDA:452,34,0,0
BRDA:452,34,1,0
BRF:65
BRH:0
end_of_record
